#
# A fatal error has been detected by the Java Runtime Environment:
#
#  EXCEPTION_ACCESS_VIOLATION (0xc0000005) at pc=0x00007ffbaeac1db9, pid=9768, tid=1776
#
# JRE version: OpenJDK Runtime Environment Temurin-17.0.6+10 (17.0.6+10) (build 17.0.6+10)
# Java VM: OpenJDK 64-Bit Server VM Temurin-17.0.6+10 (17.0.6+10, mixed mode, emulated-client, tiered, compressed oops, compressed class ptrs, g1 gc, windows-amd64)
# Problematic frame:
# V  [jvm.dll+0x2f1db9]
#
# No core dump will be written. Minidumps are not enabled by default on client versions of Windows
#
# If you would like to submit a bug report, please visit:
#   https://github.com/adoptium/adoptium-support/issues
#

---------------  S U M M A R Y ------------

Command Line: -XX:+HeapDumpOnOutOfMemoryError -Xmx1024m -Dsts.lsp.client=vscode -Dsts.log.file=/dev/null -XX:TieredStopAtLevel=1 -Xlog:jni+resolve=off -Dspring.config.location=file:c:\Users\eugen\.vscode\extensions\vmware.vscode-spring-boot-1.45.0\language-server\BOOT-INF\classes\application.properties org.springframework.ide.vscode.boot.app.BootLanguageServerBootApp

Host: 12th Gen Intel(R) Core(TM) i5-12400, 12 cores, 15G,  Windows 11 , 64 bit Build 22621 (10.0.22621.1344)
Time: Wed Mar 22 13:00:28 2023 Central Daylight Time elapsed time: 8882.445393 seconds (0d 2h 28m 2s)

---------------  T H R E A D  ---------------

Current thread (0x000002e480ebd3a0):  GCTaskThread "GC Thread#2" [stack: 0x000000ec85e00000,0x000000ec85f00000] [id=1776]

Stack: [0x000000ec85e00000,0x000000ec85f00000],  sp=0x000000ec85eff618,  free space=1021k
Native frames: (J=compiled Java code, j=interpreted, Vv=VM code, C=native code)
V  [jvm.dll+0x2f1db9]


siginfo: EXCEPTION_ACCESS_VIOLATION (0xc0000005), reading address 0x000002e4fb640f30


Register to memory mapping:

RIP=0x00007ffbaeac1db9 jvm.dll
RAX=0x0000000004a87916 is an unknown value
RBX=0x000000ec85eff750 points into unknown readable memory: 0x00007ffbaf12adf8 | f8 ad 12 af fb 7f 00 00
RCX=0x0000000000000016 is an unknown value
RDX=0x00000000e543ccb0 is an unallocated location in the heap
RSP=0x000000ec85eff618 points into unknown readable memory: 0x00007ffbaeaef650 | 50 f6 ae ae fb 7f 00 00
RBP=0x000000000000f000 is an unknown value
RSI=0x000000ec85eff750 points into unknown readable memory: 0x00007ffbaf12adf8 | f8 ad 12 af fb 7f 00 00
RDI=0x000002e4f80e2e10 is at entry_point+-400 in (nmethod*)0x000002e4f80e2e10
R8 =0x000002e4facf0000 points into unknown readable memory: 0x0000000000000001 | 01 00 00 00 00 00 00 00
R9 =0x000000000012a1e6 is an unknown value
R10=0x000000ec84fff0a0 points into unknown readable memory: 0x00007ffbaf125330 | 30 53 12 af fb 7f 00 00
R11=0x0 is NULL
R12=0x0000000000001000 is an unknown value
R13=0x0 is NULL
R14=0x00007ffbaf110468 jvm.dll
R15=0x0 is NULL


Registers:
RAX=0x0000000004a87916, RBX=0x000000ec85eff750, RCX=0x0000000000000016, RDX=0x00000000e543ccb0
RSP=0x000000ec85eff618, RBP=0x000000000000f000, RSI=0x000000ec85eff750, RDI=0x000002e4f80e2e10
R8 =0x000002e4facf0000, R9 =0x000000000012a1e6, R10=0x000000ec84fff0a0, R11=0x0000000000000000
R12=0x0000000000001000, R13=0x0000000000000000, R14=0x00007ffbaf110468, R15=0x0000000000000000
RIP=0x00007ffbaeac1db9, EFLAGS=0x0000000000010202

Top of Stack: (sp=0x000000ec85eff618)
0x000000ec85eff618:   00007ffbaeaef650 0000000000000000
0x000000ec85eff628:   0000000000000010 0000000000000000
0x000000ec85eff638:   0000000000000010 000002e4f80e3098
0x000000ec85eff648:   00007ffbaee1f366 000002e4f80e2e10
0x000000ec85eff658:   000000ec85eff8e0 000000ec85eff750
0x000000ec85eff668:   000002e4ffa7b228 0000000000000000
0x000000ec85eff678:   000002e4f80e2f90 000002e4f80e2f90
0x000000ec85eff688:   000002e4f80e2e10 000002e4f80e308d
0x000000ec85eff698:   00007ffbaeac000e 000002e4f80e2f86
0x000000ec85eff6a8:   0000000000010000 000002e4f80e2fa0
0x000000ec85eff6b8:   000002e4f80e2fa0 000002e4f80e3060
0x000000ec85eff6c8:   000002e4f80e2fa0 000002e4f80e3060
0x000000ec85eff6d8:   000002e4f80e3098 00007ffbaf070030
0x000000ec85eff6e8:   0000000000000000 0000000000000000
0x000000ec85eff6f8:   0000000000000000 000002e400000000
0x000000ec85eff708:   00007ffc0ef1776b 000000ec84ffe330 

Instructions: (pc=0x00007ffbaeac1db9)
0x00007ffbaeac1cb9:   48 8b 0f e8 2f e9 fe ff 48 8d 4f 08 e8 d6 65 00
0x00007ffbaeac1cc9:   00 48 8b 0f 48 8b d0 48 8b 5c 24 30 48 83 c4 20
0x00007ffbaeac1cd9:   5f e9 91 c3 fe ff cc b0 ff c3 cc cc cc cc cc cc
0x00007ffbaeac1ce9:   cc cc cc cc cc cc cc 48 8b 49 10 48 81 c1 10 06
0x00007ffbaeac1cf9:   00 00 48 8b 01 48 ff 20 cc cc cc cc cc cc cc cc
0x00007ffbaeac1d09:   cc cc cc cc cc cc cc 48 89 5c 24 08 57 48 83 ec
0x00007ffbaeac1d19:   20 48 8b d9 48 8b fa 48 8b 0d f1 ed 8a 00 e8 74
0x00007ffbaeac1d29:   c0 fe ff 8b 87 94 00 00 00 48 8b 53 10 85 c0 74
0x00007ffbaeac1d39:   46 8b 87 94 00 00 00 83 f8 29 75 1e 48 8b 82 f8
0x00007ffbaeac1d49:   02 00 00 8b 8f 90 00 00 00 c6 04 01 02 32 c0 48
0x00007ffbaeac1d59:   8b 5c 24 30 48 83 c4 20 5f c3 8b 87 94 00 00 00
0x00007ffbaeac1d69:   8b 8f 90 00 00 00 48 03 8a f8 02 00 00 c1 e8 03
0x00007ffbaeac1d79:   24 01 0f 95 c0 88 01 48 8b 5c 24 30 32 c0 48 83
0x00007ffbaeac1d89:   c4 20 5f c3 cc cc cc 4c 8b 41 10 4c 8b d1 48 8b
0x00007ffbaeac1d99:   c2 49 2b 40 08 41 8b 48 18 4d 8b 40 20 48 c1 e8
0x00007ffbaeac1da9:   03 48 d3 e8 4c 8b c8 24 3f 49 c1 e9 06 0f b6 c8
0x00007ffbaeac1db9:   4b 8b 04 c8 48 0f a3 c8 72 1d 49 8b 42 08 8b 88
0x00007ffbaeac1dc9:   18 03 00 00 48 8b 80 08 03 00 00 48 d3 ea 80 3c
0x00007ffbaeac1dd9:   02 02 74 03 32 c0 c3 b0 01 c3 cc cc cc cc cc cc
0x00007ffbaeac1de9:   cc cc cc cc cc cc cc 40 53 48 83 ec 20 48 8b 1a
0x00007ffbaeac1df9:   48 85 db 74 29 48 89 7c 24 30 48 8b d3 48 8b 79
0x00007ffbaeac1e09:   10 48 8b cf e8 ae 00 00 00 84 c0 74 0c 48 8d 4f
0x00007ffbaeac1e19:   18 48 8b d3 e8 fe 06 00 00 48 8b 7c 24 30 48 83
0x00007ffbaeac1e29:   c4 20 5b c3 cc cc cc 40 57 48 83 ec 20 8b 02 48
0x00007ffbaeac1e39:   8b f9 85 c0 74 3b 8b 0d 93 c4 80 00 48 8b 7f 10
0x00007ffbaeac1e49:   48 89 5c 24 30 8b d8 48 d3 e3 48 8b cf 48 03 1d
0x00007ffbaeac1e59:   73 c4 80 00 48 8b d3 e8 5b 00 00 00 84 c0 74 0c
0x00007ffbaeac1e69:   48 8d 4f 18 48 8b d3 e8 ab 06 00 00 48 8b 5c 24
0x00007ffbaeac1e79:   30 48 83 c4 20 5f c3 e9 db 4d 00 00 cc cc cc cc
0x00007ffbaeac1e89:   cc cc cc cc cc cc cc e9 4b 51 00 00 cc cc cc cc
0x00007ffbaeac1e99:   cc cc cc cc cc cc cc 48 8b 01 48 8b 80 c8 04 00
0x00007ffbaeac1ea9:   00 48 8b 80 98 00 00 00 c3 cc cc cc cc cc cc cc 


Stack slot to memory mapping:
stack at sp + 0 slots: 0x00007ffbaeaef650 jvm.dll
stack at sp + 1 slots: 0x0 is NULL
stack at sp + 2 slots: 0x0000000000000010 is an unknown value
stack at sp + 3 slots: 0x0 is NULL
stack at sp + 4 slots: 0x0000000000000010 is an unknown value
stack at sp + 5 slots: 0x000002e4f80e3098 is at entry_point+248 in (nmethod*)0x000002e4f80e2e10
stack at sp + 6 slots: 0x00007ffbaee1f366 jvm.dll
stack at sp + 7 slots: 0x000002e4f80e2e10 is at entry_point+-400 in (nmethod*)0x000002e4f80e2e10


---------------  P R O C E S S  ---------------

Threads class SMR info:
_java_thread_list=0x000002e490b37db0, length=32, elements={
0x000002e4ff9de810, 0x000002e4ff9ff410, 0x000002e4ffa2e800, 0x000002e4ffa2f0c0,
0x000002e4ffa31990, 0x000002e4ffa32250, 0x000002e4ffa32bc0, 0x000002e4ffa35ee0,
0x000002e4ffc6d7f0, 0x000002e4ffc72390, 0x000002e480d9d6a0, 0x000002e4ffc1c020,
0x000002e4ffc1c4f0, 0x000002e4ffc1dd70, 0x000002e4f4743f80, 0x000002e480ea72c0,
0x000002e480e6a180, 0x000002e480ed2820, 0x000002e481d42d10, 0x000002e481d42370,
0x000002e481d3e9b0, 0x000002e481d401c0, 0x000002e481d41500, 0x000002e481d41ea0,
0x000002e481d3ee80, 0x000002e481d41030, 0x000002e481d3f820, 0x000002e481d40b60,
0x000002e481d3fcf0, 0x000002e481d3d670, 0x000002e481d40690, 0x000002e481d3c330
}

Java Threads: ( => current thread )
  0x000002e4ff9de810 JavaThread "Reference Handler" daemon [_thread_blocked, id=12248, stack(0x000000ec85000000,0x000000ec85100000)]
  0x000002e4ff9ff410 JavaThread "Finalizer" daemon [_thread_blocked, id=31236, stack(0x000000ec85100000,0x000000ec85200000)]
  0x000002e4ffa2e800 JavaThread "Signal Dispatcher" daemon [_thread_blocked, id=2836, stack(0x000000ec85200000,0x000000ec85300000)]
  0x000002e4ffa2f0c0 JavaThread "Attach Listener" daemon [_thread_blocked, id=44016, stack(0x000000ec85300000,0x000000ec85400000)]
  0x000002e4ffa31990 JavaThread "Service Thread" daemon [_thread_blocked, id=11124, stack(0x000000ec85400000,0x000000ec85500000)]
  0x000002e4ffa32250 JavaThread "Monitor Deflation Thread" daemon [_thread_blocked, id=10884, stack(0x000000ec85500000,0x000000ec85600000)]
  0x000002e4ffa32bc0 JavaThread "C1 CompilerThread0" daemon [_thread_blocked, id=40468, stack(0x000000ec85600000,0x000000ec85700000)]
  0x000002e4ffa35ee0 JavaThread "Sweeper thread" daemon [_thread_blocked, id=40704, stack(0x000000ec85700000,0x000000ec85800000)]
  0x000002e4ffc6d7f0 JavaThread "Notification Thread" daemon [_thread_blocked, id=32604, stack(0x000000ec85a00000,0x000000ec85b00000)]
  0x000002e4ffc72390 JavaThread "Common-Cleaner" daemon [_thread_blocked, id=4396, stack(0x000000ec85c00000,0x000000ec85d00000)]
  0x000002e480d9d6a0 JavaThread "boundedElastic-evictor-1" daemon [_thread_blocked, id=37644, stack(0x000000ec86500000,0x000000ec86600000)]
  0x000002e4ffc1c020 JavaThread "boundedElastic-evictor-2" daemon [_thread_blocked, id=19016, stack(0x000000ec86a00000,0x000000ec86b00000)]
  0x000002e4ffc1c4f0 JavaThread "pool-10-thread-1" [_thread_blocked, id=33360, stack(0x000000ec86b00000,0x000000ec86c00000)]
  0x000002e4ffc1dd70 JavaThread "LanguageServerApp-lifecycle" [_thread_blocked, id=27864, stack(0x000000ec86c00000,0x000000ec86d00000)]
  0x000002e4f4743f80 JavaThread "DestroyJavaVM" [_thread_blocked, id=40232, stack(0x000000ec84900000,0x000000ec84a00000)]
  0x000002e480ea72c0 JavaThread "pool-11-thread-1" [_thread_in_native, id=41012, stack(0x000000ec86d00000,0x000000ec86e00000)]
  0x000002e480e6a180 JavaThread "Simple-Language-Server main thread" daemon [_thread_blocked, id=38252, stack(0x000000ec86e00000,0x000000ec86f00000)]
  0x000002e480ed2820 JavaThread "pool-6-thread-1" [_thread_blocked, id=30368, stack(0x000000ec86f00000,0x000000ec87000000)]
  0x000002e481d42d10 JavaThread "parallel-1" daemon [_thread_blocked, id=41584, stack(0x000000ec88400000,0x000000ec88500000)]
  0x000002e481d42370 JavaThread "pool-4-thread-1" [_thread_blocked, id=42592, stack(0x000000ec88a00000,0x000000ec88b00000)]
  0x000002e481d3e9b0 JavaThread "parallel-2" daemon [_thread_blocked, id=17680, stack(0x000000ec88b00000,0x000000ec88c00000)]
  0x000002e481d401c0 JavaThread "parallel-3" daemon [_thread_blocked, id=25072, stack(0x000000ec87300000,0x000000ec87400000)]
  0x000002e481d41500 JavaThread "parallel-4" daemon [_thread_blocked, id=33296, stack(0x000000ec87400000,0x000000ec87500000)]
  0x000002e481d41ea0 JavaThread "Reconciler-1" daemon [_thread_blocked, id=41720, stack(0x000000ec87500000,0x000000ec87600000)]
  0x000002e481d3ee80 JavaThread "parallel-5" daemon [_thread_blocked, id=40316, stack(0x000000ec87700000,0x000000ec87800000)]
  0x000002e481d41030 JavaThread "parallel-6" daemon [_thread_blocked, id=14796, stack(0x000000ec85800000,0x000000ec85900000)]
  0x000002e481d3f820 JavaThread "parallel-7" daemon [_thread_blocked, id=42880, stack(0x000000ec85900000,0x000000ec85a00000)]
  0x000002e481d40b60 JavaThread "parallel-8" daemon [_thread_blocked, id=37660, stack(0x000000ec87900000,0x000000ec87a00000)]
  0x000002e481d3fcf0 JavaThread "parallel-9" daemon [_thread_blocked, id=25620, stack(0x000000ec84800000,0x000000ec84900000)]
  0x000002e481d3d670 JavaThread "parallel-10" daemon [_thread_blocked, id=3148, stack(0x000000ec87600000,0x000000ec87700000)]
  0x000002e481d40690 JavaThread "parallel-11" daemon [_thread_blocked, id=43672, stack(0x000000ec87800000,0x000000ec87900000)]
  0x000002e481d3c330 JavaThread "parallel-12" daemon [_thread_blocked, id=32064, stack(0x000000ec87a00000,0x000000ec87b00000)]

Other Threads:
  0x000002e4ff9dcd60 VMThread "VM Thread" [stack: 0x000000ec84f00000,0x000000ec85000000] [id=9544]
  0x000002e4ffc6dcc0 WatcherThread [stack: 0x000000ec85b00000,0x000000ec85c00000] [id=42128]
  0x000002e4f4782a50 GCTaskThread "GC Thread#0" [stack: 0x000000ec84a00000,0x000000ec84b00000] [id=41112]
  0x000002e480ebd0f0 GCTaskThread "GC Thread#1" [stack: 0x000000ec85d00000,0x000000ec85e00000] [id=11420]
=>0x000002e480ebd3a0 GCTaskThread "GC Thread#2" [stack: 0x000000ec85e00000,0x000000ec85f00000] [id=1776]
  0x000002e480ebd650 GCTaskThread "GC Thread#3" [stack: 0x000000ec85f00000,0x000000ec86000000] [id=24568]
  0x000002e480ebd900 GCTaskThread "GC Thread#4" [stack: 0x000000ec86000000,0x000000ec86100000] [id=42788]
  0x000002e4811ae030 GCTaskThread "GC Thread#5" [stack: 0x000000ec86100000,0x000000ec86200000] [id=26512]
  0x000002e48141cb20 GCTaskThread "GC Thread#6" [stack: 0x000000ec86200000,0x000000ec86300000] [id=42716]
  0x000002e48141cdd0 GCTaskThread "GC Thread#7" [stack: 0x000000ec86300000,0x000000ec86400000] [id=41280]
  0x000002e48141d080 GCTaskThread "GC Thread#8" [stack: 0x000000ec86400000,0x000000ec86500000] [id=40936]
  0x000002e481650ad0 GCTaskThread "GC Thread#9" [stack: 0x000000ec86700000,0x000000ec86800000] [id=17540]
  0x000002e4f478ba00 ConcurrentGCThread "G1 Main Marker" [stack: 0x000000ec84b00000,0x000000ec84c00000] [id=8220]
  0x000002e4f478cac0 ConcurrentGCThread "G1 Conc#0" [stack: 0x000000ec84c00000,0x000000ec84d00000] [id=14932]
  0x000002e4815c9870 ConcurrentGCThread "G1 Conc#1" [stack: 0x000000ec86800000,0x000000ec86900000] [id=18480]
  0x000002e48160c570 ConcurrentGCThread "G1 Conc#2" [stack: 0x000000ec86900000,0x000000ec86a00000] [id=33616]
  0x000002e4f47fe980 ConcurrentGCThread "G1 Refine#0" [stack: 0x000000ec84d00000,0x000000ec84e00000] [id=25012]
  0x000002e48403dc60 ConcurrentGCThread "G1 Refine#1" [stack: 0x000000ec88800000,0x000000ec88900000] [id=28564]
  0x000002e48200e340 ConcurrentGCThread "G1 Refine#2" [stack: 0x000000ec88900000,0x000000ec88a00000] [id=13524]
  0x000002e484a9ef30 ConcurrentGCThread "G1 Refine#3" [stack: 0x000000ec88c00000,0x000000ec88d00000] [id=31892]
  0x000002e484b8fd20 ConcurrentGCThread "G1 Refine#4" [stack: 0x000000ec88e00000,0x000000ec88f00000] [id=18536]
  0x000002e484b8e900 ConcurrentGCThread "G1 Refine#5" [stack: 0x000000ec89000000,0x000000ec89100000] [id=39532]
  0x000002e484b8f760 ConcurrentGCThread "G1 Refine#6" [stack: 0x000000ec89100000,0x000000ec89200000] [id=19120]
  0x000002e484b8ebe0 ConcurrentGCThread "G1 Refine#7" [stack: 0x000000ec89200000,0x000000ec89300000] [id=42864]
  0x000002e481f8fa40 ConcurrentGCThread "G1 Refine#8" [stack: 0x000000ec87100000,0x000000ec87200000] [id=33680]
  0x000002e481f905c0 ConcurrentGCThread "G1 Refine#9" [stack: 0x000000ec87200000,0x000000ec87300000] [id=39464]
  0x000002e4ff852550 ConcurrentGCThread "G1 Service" [stack: 0x000000ec84e00000,0x000000ec84f00000] [id=26364]

Threads with active compile tasks:

VM state: at safepoint (normal execution)

VM Mutex/Monitor currently owned by a thread:  ([mutex/lock_event])
[0x000002e4f25ae410] Threads_lock - owner thread: 0x000002e4ff9dcd60
[0x000002e4f4741400] Heap_lock - owner thread: 0x000002e4ffc1c4f0

Heap address: 0x00000000c0000000, size: 1024 MB, Compressed Oops mode: 32-bit

CDS archive(s) not mapped
Compressed class space mapped at: 0x0000000100000000-0x0000000140000000, reserved size: 1073741824
Narrow klass base: 0x0000000000000000, Narrow klass shift: 3, Narrow klass range: 0x140000000

GC Precious Log:
 CPUs: 12 total, 12 available
 Memory: 16104M
 Large Page Support: Disabled
 NUMA Support: Disabled
 Compressed Oops: Enabled (32-bit)
 Heap Region Size: 1M
 Heap Min Capacity: 8M
 Heap Initial Capacity: 252M
 Heap Max Capacity: 1G
 Pre-touch: Disabled
 Parallel Workers: 10
 Concurrent Workers: 3
 Concurrent Refinement Workers: 10
 Periodic GC: Disabled

Heap:
 garbage-first heap   total 337920K, used 101145K [0x00000000c0000000, 0x0000000100000000)
  region size 1024K, 1 young (1024K), 0 survivors (0K)
 Metaspace       used 71992K, committed 72448K, reserved 1114112K
  class space    used 9855K, committed 10048K, reserved 1048576K

Heap Regions: E=young(eden), S=young(survivor), O=old, HS=humongous(starts), HC=humongous(continues), CS=collection set, F=free, OA=open archive, CA=closed archive, TAMS=top-at-mark-start (previous, next)
|   0|0x00000000c0000000, 0x00000000c00ffff8, 0x00000000c0100000| 99%| O|  |TAMS 0x00000000c00ffff8, 0x00000000c0000000| Untracked 
|   1|0x00000000c0100000, 0x00000000c0200000, 0x00000000c0200000|100%| O|  |TAMS 0x00000000c0200000, 0x00000000c0100000| Untracked 
|   2|0x00000000c0200000, 0x00000000c0300000, 0x00000000c0300000|100%| O|  |TAMS 0x00000000c0300000, 0x00000000c0200000| Untracked 
|   3|0x00000000c0300000, 0x00000000c0400000, 0x00000000c0400000|100%| O|  |TAMS 0x00000000c0400000, 0x00000000c0300000| Untracked 
|   4|0x00000000c0400000, 0x00000000c04fffc0, 0x00000000c0500000| 99%| O|  |TAMS 0x00000000c04fffc0, 0x00000000c0400000| Untracked 
|   5|0x00000000c0500000, 0x00000000c0600000, 0x00000000c0600000|100%| O|  |TAMS 0x00000000c0600000, 0x00000000c0500000| Untracked 
|   6|0x00000000c0600000, 0x00000000c0700000, 0x00000000c0700000|100%| O|  |TAMS 0x00000000c0700000, 0x00000000c0600000| Untracked 
|   7|0x00000000c0700000, 0x00000000c07ffff0, 0x00000000c0800000| 99%| O|  |TAMS 0x00000000c07ffff0, 0x00000000c0700000| Untracked 
|   8|0x00000000c0800000, 0x00000000c08fff30, 0x00000000c0900000| 99%| O|  |TAMS 0x00000000c08fff30, 0x00000000c0800000| Untracked 
|   9|0x00000000c0900000, 0x00000000c09ffff0, 0x00000000c0a00000| 99%| O|  |TAMS 0x00000000c09ffff0, 0x00000000c0900000| Untracked 
|  10|0x00000000c0a00000, 0x00000000c0affff0, 0x00000000c0b00000| 99%| O|  |TAMS 0x00000000c0affff0, 0x00000000c0a00000| Untracked 
|  11|0x00000000c0b00000, 0x00000000c0bffff0, 0x00000000c0c00000| 99%| O|  |TAMS 0x00000000c0bffff0, 0x00000000c0b00000| Untracked 
|  12|0x00000000c0c00000, 0x00000000c0d00000, 0x00000000c0d00000|100%| O|  |TAMS 0x00000000c0d00000, 0x00000000c0c00000| Untracked 
|  13|0x00000000c0d00000, 0x00000000c0dfffb8, 0x00000000c0e00000| 99%| O|  |TAMS 0x00000000c0dfffb8, 0x00000000c0d00000| Untracked 
|  14|0x00000000c0e00000, 0x00000000c0f00000, 0x00000000c0f00000|100%| O|  |TAMS 0x00000000c0f00000, 0x00000000c0e00000| Untracked 
|  15|0x00000000c0f00000, 0x00000000c0fffff0, 0x00000000c1000000| 99%| O|  |TAMS 0x00000000c0fffff0, 0x00000000c0f00000| Untracked 
|  16|0x00000000c1000000, 0x00000000c1100000, 0x00000000c1100000|100%| O|  |TAMS 0x00000000c1100000, 0x00000000c1000000| Untracked 
|  17|0x00000000c1100000, 0x00000000c11fffd8, 0x00000000c1200000| 99%| O|  |TAMS 0x00000000c11fffd8, 0x00000000c1100000| Untracked 
|  18|0x00000000c1200000, 0x00000000c12fffb8, 0x00000000c1300000| 99%| O|  |TAMS 0x00000000c12fffb8, 0x00000000c1200000| Untracked 
|  19|0x00000000c1300000, 0x00000000c13ffff8, 0x00000000c1400000| 99%| O|  |TAMS 0x00000000c13ffff8, 0x00000000c1300000| Untracked 
|  20|0x00000000c1400000, 0x00000000c1500000, 0x00000000c1500000|100%| O|  |TAMS 0x00000000c1500000, 0x00000000c1400000| Untracked 
|  21|0x00000000c1500000, 0x00000000c15ffff0, 0x00000000c1600000| 99%| O|  |TAMS 0x00000000c15ffff0, 0x00000000c1500000| Untracked 
|  22|0x00000000c1600000, 0x00000000c1700000, 0x00000000c1700000|100%| O|  |TAMS 0x00000000c1700000, 0x00000000c1600000| Untracked 
|  23|0x00000000c1700000, 0x00000000c17fffb8, 0x00000000c1800000| 99%| O|  |TAMS 0x00000000c17fffb8, 0x00000000c1700000| Untracked 
|  24|0x00000000c1800000, 0x00000000c18fffe0, 0x00000000c1900000| 99%| O|  |TAMS 0x00000000c18fffe0, 0x00000000c1800000| Untracked 
|  25|0x00000000c1900000, 0x00000000c19fffd8, 0x00000000c1a00000| 99%| O|  |TAMS 0x00000000c19fffd8, 0x00000000c1900000| Untracked 
|  26|0x00000000c1a00000, 0x00000000c1affff0, 0x00000000c1b00000| 99%| O|  |TAMS 0x00000000c1affff0, 0x00000000c1a00000| Untracked 
|  27|0x00000000c1b00000, 0x00000000c1bffff8, 0x00000000c1c00000| 99%| O|  |TAMS 0x00000000c1bffff8, 0x00000000c1b00000| Untracked 
|  28|0x00000000c1c00000, 0x00000000c1cffff8, 0x00000000c1d00000| 99%| O|  |TAMS 0x00000000c1cffff8, 0x00000000c1c00000| Untracked 
|  29|0x00000000c1d00000, 0x00000000c1e00000, 0x00000000c1e00000|100%| O|  |TAMS 0x00000000c1e00000, 0x00000000c1d00000| Untracked 
|  30|0x00000000c1e00000, 0x00000000c1effff0, 0x00000000c1f00000| 99%| O|  |TAMS 0x00000000c1effff0, 0x00000000c1e00000| Untracked 
|  31|0x00000000c1f00000, 0x00000000c1fffff8, 0x00000000c2000000| 99%| O|  |TAMS 0x00000000c1fffff8, 0x00000000c1f00000| Untracked 
|  32|0x00000000c2000000, 0x00000000c2100000, 0x00000000c2100000|100%| O|  |TAMS 0x00000000c2100000, 0x00000000c2000000| Untracked 
|  33|0x00000000c2100000, 0x00000000c21ffff8, 0x00000000c2200000| 99%| O|  |TAMS 0x00000000c21ffff8, 0x00000000c2100000| Untracked 
|  34|0x00000000c2200000, 0x00000000c22fffd8, 0x00000000c2300000| 99%| O|  |TAMS 0x00000000c22fffd8, 0x00000000c2200000| Untracked 
|  35|0x00000000c2300000, 0x00000000c2400000, 0x00000000c2400000|100%| O|  |TAMS 0x00000000c2400000, 0x00000000c2300000| Untracked 
|  36|0x00000000c2400000, 0x00000000c24fffe8, 0x00000000c2500000| 99%| O|  |TAMS 0x00000000c24fffe8, 0x00000000c2400000| Untracked 
|  37|0x00000000c2500000, 0x00000000c25fffc8, 0x00000000c2600000| 99%| O|  |TAMS 0x00000000c25fffc8, 0x00000000c2500000| Untracked 
|  38|0x00000000c2600000, 0x00000000c26ffff8, 0x00000000c2700000| 99%| O|  |TAMS 0x00000000c26ffff8, 0x00000000c2600000| Untracked 
|  39|0x00000000c2700000, 0x00000000c2800000, 0x00000000c2800000|100%| O|  |TAMS 0x00000000c2800000, 0x00000000c2700000| Untracked 
|  40|0x00000000c2800000, 0x00000000c2900000, 0x00000000c2900000|100%| O|  |TAMS 0x00000000c2900000, 0x00000000c2800000| Untracked 
|  41|0x00000000c2900000, 0x00000000c2a00000, 0x00000000c2a00000|100%| O|  |TAMS 0x00000000c2a00000, 0x00000000c2900000| Untracked 
|  42|0x00000000c2a00000, 0x00000000c2affff0, 0x00000000c2b00000| 99%| O|  |TAMS 0x00000000c2affff0, 0x00000000c2a00000| Untracked 
|  43|0x00000000c2b00000, 0x00000000c2c00000, 0x00000000c2c00000|100%| O|  |TAMS 0x00000000c2c00000, 0x00000000c2b00000| Untracked 
|  44|0x00000000c2c00000, 0x00000000c2cfffe8, 0x00000000c2d00000| 99%| O|  |TAMS 0x00000000c2cfffe8, 0x00000000c2c00000| Untracked 
|  45|0x00000000c2d00000, 0x00000000c2e00000, 0x00000000c2e00000|100%| O|  |TAMS 0x00000000c2e00000, 0x00000000c2d00000| Untracked 
|  46|0x00000000c2e00000, 0x00000000c2f00000, 0x00000000c2f00000|100%| O|  |TAMS 0x00000000c2f00000, 0x00000000c2e00000| Untracked 
|  47|0x00000000c2f00000, 0x00000000c2ffffe8, 0x00000000c3000000| 99%| O|  |TAMS 0x00000000c2ffffe8, 0x00000000c2f00000| Untracked 
|  48|0x00000000c3000000, 0x00000000c30ffff0, 0x00000000c3100000| 99%| O|  |TAMS 0x00000000c30ffff0, 0x00000000c3000000| Untracked 
|  49|0x00000000c3100000, 0x00000000c3200000, 0x00000000c3200000|100%| O|  |TAMS 0x00000000c3200000, 0x00000000c3100000| Untracked 
|  50|0x00000000c3200000, 0x00000000c32ffff8, 0x00000000c3300000| 99%| O|  |TAMS 0x00000000c32ffff8, 0x00000000c3200000| Untracked 
|  51|0x00000000c3300000, 0x00000000c33ffff0, 0x00000000c3400000| 99%| O|  |TAMS 0x00000000c33ffff0, 0x00000000c3300000| Untracked 
|  52|0x00000000c3400000, 0x00000000c34fffd0, 0x00000000c3500000| 99%| O|  |TAMS 0x00000000c34fffd0, 0x00000000c3400000| Untracked 
|  53|0x00000000c3500000, 0x00000000c35ffff8, 0x00000000c3600000| 99%| O|  |TAMS 0x00000000c35ffff8, 0x00000000c3500000| Untracked 
|  54|0x00000000c3600000, 0x00000000c36fffe0, 0x00000000c3700000| 99%| O|  |TAMS 0x00000000c36fffe0, 0x00000000c3600000| Untracked 
|  55|0x00000000c3700000, 0x00000000c37fffd0, 0x00000000c3800000| 99%| O|  |TAMS 0x00000000c37fffd0, 0x00000000c3700000| Untracked 
|  56|0x00000000c3800000, 0x00000000c38fffe8, 0x00000000c3900000| 99%| O|  |TAMS 0x00000000c38fffe8, 0x00000000c3800000| Untracked 
|  57|0x00000000c3900000, 0x00000000c39fffb0, 0x00000000c3a00000| 99%| O|  |TAMS 0x00000000c39fffb0, 0x00000000c3900000| Untracked 
|  58|0x00000000c3a00000, 0x00000000c3affff8, 0x00000000c3b00000| 99%| O|  |TAMS 0x00000000c3affff8, 0x00000000c3a00000| Untracked 
|  59|0x00000000c3b00000, 0x00000000c3bfffb8, 0x00000000c3c00000| 99%| O|  |TAMS 0x00000000c3bfffb8, 0x00000000c3b00000| Untracked 
|  60|0x00000000c3c00000, 0x00000000c3d00000, 0x00000000c3d00000|100%| O|  |TAMS 0x00000000c3d00000, 0x00000000c3c00000| Untracked 
|  61|0x00000000c3d00000, 0x00000000c3dffff8, 0x00000000c3e00000| 99%| O|  |TAMS 0x00000000c3dffff8, 0x00000000c3d00000| Untracked 
|  62|0x00000000c3e00000, 0x00000000c3efffe8, 0x00000000c3f00000| 99%| O|  |TAMS 0x00000000c3efffe8, 0x00000000c3e00000| Untracked 
|  63|0x00000000c3f00000, 0x00000000c4000000, 0x00000000c4000000|100%| O|  |TAMS 0x00000000c4000000, 0x00000000c3f00000| Untracked 
|  64|0x00000000c4000000, 0x00000000c4100000, 0x00000000c4100000|100%| O|  |TAMS 0x00000000c4100000, 0x00000000c4000000| Untracked 
|  65|0x00000000c4100000, 0x00000000c41fe408, 0x00000000c4200000| 99%| O|  |TAMS 0x00000000c41fe408, 0x00000000c4100000| Untracked 
|  66|0x00000000c4200000, 0x00000000c42fffc0, 0x00000000c4300000| 99%| O|  |TAMS 0x00000000c42fffc0, 0x00000000c4200000| Untracked 
|  67|0x00000000c4300000, 0x00000000c43fffe0, 0x00000000c4400000| 99%| O|  |TAMS 0x00000000c43fffe0, 0x00000000c4300000| Untracked 
|  68|0x00000000c4400000, 0x00000000c44fffc0, 0x00000000c4500000| 99%| O|  |TAMS 0x00000000c44fffc0, 0x00000000c4400000| Untracked 
|  69|0x00000000c4500000, 0x00000000c45f44e0, 0x00000000c4600000| 95%| O|  |TAMS 0x00000000c45f44e0, 0x00000000c4500000| Untracked 
|  70|0x00000000c4600000, 0x00000000c46ffff0, 0x00000000c4700000| 99%| O|  |TAMS 0x00000000c46ffff0, 0x00000000c4600000| Untracked 
|  71|0x00000000c4700000, 0x00000000c4800000, 0x00000000c4800000|100%| O|  |TAMS 0x00000000c4800000, 0x00000000c4700000| Untracked 
|  72|0x00000000c4800000, 0x00000000c48ffff0, 0x00000000c4900000| 99%| O|  |TAMS 0x00000000c48ffff0, 0x00000000c4800000| Untracked 
|  73|0x00000000c4900000, 0x00000000c4a00000, 0x00000000c4a00000|100%| O|  |TAMS 0x00000000c4a00000, 0x00000000c4900000| Untracked 
|  74|0x00000000c4a00000, 0x00000000c4affff8, 0x00000000c4b00000| 99%| O|  |TAMS 0x00000000c4affff8, 0x00000000c4a00000| Untracked 
|  75|0x00000000c4b00000, 0x00000000c4bffff8, 0x00000000c4c00000| 99%| O|  |TAMS 0x00000000c4bffff8, 0x00000000c4b00000| Untracked 
|  76|0x00000000c4c00000, 0x00000000c4cffff0, 0x00000000c4d00000| 99%| O|  |TAMS 0x00000000c4cffff0, 0x00000000c4c00000| Untracked 
|  77|0x00000000c4d00000, 0x00000000c4dffff8, 0x00000000c4e00000| 99%| O|  |TAMS 0x00000000c4dffff8, 0x00000000c4d00000| Untracked 
|  78|0x00000000c4e00000, 0x00000000c4effff8, 0x00000000c4f00000| 99%| O|  |TAMS 0x00000000c4effff8, 0x00000000c4e00000| Untracked 
|  79|0x00000000c4f00000, 0x00000000c4fffff0, 0x00000000c5000000| 99%| O|  |TAMS 0x00000000c4fffff0, 0x00000000c4f00000| Untracked 
|  80|0x00000000c5000000, 0x00000000c5100000, 0x00000000c5100000|100%| O|  |TAMS 0x00000000c5100000, 0x00000000c5000000| Untracked 
|  81|0x00000000c5100000, 0x00000000c5200000, 0x00000000c5200000|100%| O|  |TAMS 0x00000000c5200000, 0x00000000c5100000| Untracked 
|  82|0x00000000c5200000, 0x00000000c52a8250, 0x00000000c5300000| 65%| O|  |TAMS 0x00000000c5200000, 0x00000000c5200000| Untracked 
|  83|0x00000000c5300000, 0x00000000c53ffff0, 0x00000000c5400000| 99%| O|  |TAMS 0x00000000c53ffff0, 0x00000000c5300000| Untracked 
|  84|0x00000000c5400000, 0x00000000c5500000, 0x00000000c5500000|100%| O|  |TAMS 0x00000000c5500000, 0x00000000c5400000| Untracked 
|  85|0x00000000c5500000, 0x00000000c55f7488, 0x00000000c5600000| 96%| O|  |TAMS 0x00000000c55f7488, 0x00000000c5500000| Untracked 
|  86|0x00000000c5600000, 0x00000000c56e8410, 0x00000000c5700000| 90%| O|  |TAMS 0x00000000c5600000, 0x00000000c5600000| Untracked 
|  87|0x00000000c5700000, 0x00000000c57c09f0, 0x00000000c5800000| 75%| O|  |TAMS 0x00000000c5700000, 0x00000000c5700000| Untracked 
|  88|0x00000000c5800000, 0x00000000c5900000, 0x00000000c5900000|100%| O|  |TAMS 0x00000000c5900000, 0x00000000c5800000| Untracked 
|  89|0x00000000c5900000, 0x00000000c5985be8, 0x00000000c5a00000| 52%| O|  |TAMS 0x00000000c5900000, 0x00000000c5900000| Untracked 
|  90|0x00000000c5a00000, 0x00000000c5a00088, 0x00000000c5b00000|  0%| O|  |TAMS 0x00000000c5a00000, 0x00000000c5a00000| Untracked 
|  91|0x00000000c5b00000, 0x00000000c5b00000, 0x00000000c5c00000|  0%| F|  |TAMS 0x00000000c5b00000, 0x00000000c5b00000| Untracked 
|  92|0x00000000c5c00000, 0x00000000c5c00000, 0x00000000c5d00000|  0%| F|  |TAMS 0x00000000c5c00000, 0x00000000c5c00000| Untracked 
|  93|0x00000000c5d00000, 0x00000000c5d00000, 0x00000000c5e00000|  0%| F|  |TAMS 0x00000000c5d00000, 0x00000000c5d00000| Untracked 
|  94|0x00000000c5e00000, 0x00000000c5e00000, 0x00000000c5f00000|  0%| F|  |TAMS 0x00000000c5e00000, 0x00000000c5e00000| Untracked 
|  95|0x00000000c5f00000, 0x00000000c5f00000, 0x00000000c6000000|  0%| F|  |TAMS 0x00000000c5f00000, 0x00000000c5f00000| Untracked 
|  96|0x00000000c6000000, 0x00000000c6000000, 0x00000000c6100000|  0%| F|  |TAMS 0x00000000c6000000, 0x00000000c6000000| Untracked 
|  97|0x00000000c6100000, 0x00000000c6100000, 0x00000000c6200000|  0%| F|  |TAMS 0x00000000c6100000, 0x00000000c6100000| Untracked 
|  98|0x00000000c6200000, 0x00000000c6200000, 0x00000000c6300000|  0%| F|  |TAMS 0x00000000c6200000, 0x00000000c6200000| Untracked 
|  99|0x00000000c6300000, 0x00000000c6300000, 0x00000000c6400000|  0%| F|  |TAMS 0x00000000c6300000, 0x00000000c6300000| Untracked 
| 100|0x00000000c6400000, 0x00000000c6400000, 0x00000000c6500000|  0%| F|  |TAMS 0x00000000c6400000, 0x00000000c6400000| Untracked 
| 101|0x00000000c6500000, 0x00000000c6500000, 0x00000000c6600000|  0%| F|  |TAMS 0x00000000c6500000, 0x00000000c6500000| Untracked 
| 102|0x00000000c6600000, 0x00000000c6600000, 0x00000000c6700000|  0%| F|  |TAMS 0x00000000c6600000, 0x00000000c6600000| Untracked 
| 103|0x00000000c6700000, 0x00000000c6800000, 0x00000000c6800000|100%| O|  |TAMS 0x00000000c6800000, 0x00000000c6700000| Untracked 
| 104|0x00000000c6800000, 0x00000000c6800000, 0x00000000c6900000|  0%| F|  |TAMS 0x00000000c6800000, 0x00000000c6800000| Untracked 
| 105|0x00000000c6900000, 0x00000000c6900000, 0x00000000c6a00000|  0%| F|  |TAMS 0x00000000c6900000, 0x00000000c6900000| Untracked 
| 106|0x00000000c6a00000, 0x00000000c6a00000, 0x00000000c6b00000|  0%| F|  |TAMS 0x00000000c6a00000, 0x00000000c6a00000| Untracked 
| 107|0x00000000c6b00000, 0x00000000c6b00000, 0x00000000c6c00000|  0%| F|  |TAMS 0x00000000c6b00000, 0x00000000c6b00000| Untracked 
| 108|0x00000000c6c00000, 0x00000000c6c00000, 0x00000000c6d00000|  0%| F|  |TAMS 0x00000000c6c00000, 0x00000000c6c00000| Untracked 
| 109|0x00000000c6d00000, 0x00000000c6d00000, 0x00000000c6e00000|  0%| F|  |TAMS 0x00000000c6d00000, 0x00000000c6d00000| Untracked 
| 110|0x00000000c6e00000, 0x00000000c6e00000, 0x00000000c6f00000|  0%| F|  |TAMS 0x00000000c6e00000, 0x00000000c6e00000| Untracked 
| 111|0x00000000c6f00000, 0x00000000c6fffff8, 0x00000000c7000000| 99%| O|  |TAMS 0x00000000c6fffff8, 0x00000000c6f00000| Untracked 
| 112|0x00000000c7000000, 0x00000000c7000000, 0x00000000c7100000|  0%| F|  |TAMS 0x00000000c7000000, 0x00000000c7000000| Untracked 
| 113|0x00000000c7100000, 0x00000000c7100000, 0x00000000c7200000|  0%| F|  |TAMS 0x00000000c7100000, 0x00000000c7100000| Untracked 
| 114|0x00000000c7200000, 0x00000000c7200000, 0x00000000c7300000|  0%| F|  |TAMS 0x00000000c7200000, 0x00000000c7200000| Untracked 
| 115|0x00000000c7300000, 0x00000000c7300000, 0x00000000c7400000|  0%| F|  |TAMS 0x00000000c7300000, 0x00000000c7300000| Untracked 
| 116|0x00000000c7400000, 0x00000000c7400000, 0x00000000c7500000|  0%| F|  |TAMS 0x00000000c7400000, 0x00000000c7400000| Untracked 
| 117|0x00000000c7500000, 0x00000000c7500000, 0x00000000c7600000|  0%| F|  |TAMS 0x00000000c7500000, 0x00000000c7500000| Untracked 
| 118|0x00000000c7600000, 0x00000000c7600000, 0x00000000c7700000|  0%| F|  |TAMS 0x00000000c7600000, 0x00000000c7600000| Untracked 
| 119|0x00000000c7700000, 0x00000000c7700000, 0x00000000c7800000|  0%| F|  |TAMS 0x00000000c7700000, 0x00000000c7700000| Untracked 
| 120|0x00000000c7800000, 0x00000000c7800000, 0x00000000c7900000|  0%| F|  |TAMS 0x00000000c7800000, 0x00000000c7800000| Untracked 
| 121|0x00000000c7900000, 0x00000000c7900000, 0x00000000c7a00000|  0%| F|  |TAMS 0x00000000c7900000, 0x00000000c7900000| Untracked 
| 122|0x00000000c7a00000, 0x00000000c7b00000, 0x00000000c7b00000|100%| O|  |TAMS 0x00000000c7b00000, 0x00000000c7a00000| Untracked 
| 123|0x00000000c7b00000, 0x00000000c7c00000, 0x00000000c7c00000|100%| O|  |TAMS 0x00000000c7c00000, 0x00000000c7b00000| Untracked 
| 124|0x00000000c7c00000, 0x00000000c7c00000, 0x00000000c7d00000|  0%| F|  |TAMS 0x00000000c7c00000, 0x00000000c7c00000| Untracked 
| 125|0x00000000c7d00000, 0x00000000c7d00000, 0x00000000c7e00000|  0%| F|  |TAMS 0x00000000c7d00000, 0x00000000c7d00000| Untracked 
| 126|0x00000000c7e00000, 0x00000000c7e00000, 0x00000000c7f00000|  0%| F|  |TAMS 0x00000000c7e00000, 0x00000000c7e00000| Untracked 
| 127|0x00000000c7f00000, 0x00000000c7f00000, 0x00000000c8000000|  0%| F|  |TAMS 0x00000000c7f00000, 0x00000000c7f00000| Untracked 
| 128|0x00000000c8000000, 0x00000000c8000000, 0x00000000c8100000|  0%| F|  |TAMS 0x00000000c8000000, 0x00000000c8000000| Untracked 
| 129|0x00000000c8100000, 0x00000000c8100000, 0x00000000c8200000|  0%| F|  |TAMS 0x00000000c8100000, 0x00000000c8100000| Untracked 
| 130|0x00000000c8200000, 0x00000000c8200000, 0x00000000c8300000|  0%| F|  |TAMS 0x00000000c8200000, 0x00000000c8200000| Untracked 
| 131|0x00000000c8300000, 0x00000000c8300000, 0x00000000c8400000|  0%| F|  |TAMS 0x00000000c8300000, 0x00000000c8300000| Untracked 
| 132|0x00000000c8400000, 0x00000000c8400000, 0x00000000c8500000|  0%| F|  |TAMS 0x00000000c8400000, 0x00000000c8400000| Untracked 
| 133|0x00000000c8500000, 0x00000000c8500000, 0x00000000c8600000|  0%| F|  |TAMS 0x00000000c8500000, 0x00000000c8500000| Untracked 
| 134|0x00000000c8600000, 0x00000000c8600000, 0x00000000c8700000|  0%| F|  |TAMS 0x00000000c8600000, 0x00000000c8600000| Untracked 
| 135|0x00000000c8700000, 0x00000000c8700000, 0x00000000c8800000|  0%| F|  |TAMS 0x00000000c8700000, 0x00000000c8700000| Untracked 
| 136|0x00000000c8800000, 0x00000000c8800000, 0x00000000c8900000|  0%| F|  |TAMS 0x00000000c8800000, 0x00000000c8800000| Untracked 
| 137|0x00000000c8900000, 0x00000000c8900000, 0x00000000c8a00000|  0%| F|  |TAMS 0x00000000c8900000, 0x00000000c8900000| Untracked 
| 138|0x00000000c8a00000, 0x00000000c8a00000, 0x00000000c8b00000|  0%| F|  |TAMS 0x00000000c8a00000, 0x00000000c8a00000| Untracked 
| 139|0x00000000c8b00000, 0x00000000c8b00000, 0x00000000c8c00000|  0%| F|  |TAMS 0x00000000c8b00000, 0x00000000c8b00000| Untracked 
| 140|0x00000000c8c00000, 0x00000000c8c00000, 0x00000000c8d00000|  0%| F|  |TAMS 0x00000000c8c00000, 0x00000000c8c00000| Untracked 
| 141|0x00000000c8d00000, 0x00000000c8d00000, 0x00000000c8e00000|  0%| F|  |TAMS 0x00000000c8d00000, 0x00000000c8d00000| Untracked 
| 142|0x00000000c8e00000, 0x00000000c8f00000, 0x00000000c8f00000|100%|HS|  |TAMS 0x00000000c8f00000, 0x00000000c8e00000| Untracked 
| 143|0x00000000c8f00000, 0x00000000c9000000, 0x00000000c9000000|100%|HC|  |TAMS 0x00000000c9000000, 0x00000000c8f00000| Untracked 
| 144|0x00000000c9000000, 0x00000000c9100000, 0x00000000c9100000|100%|HC|  |TAMS 0x00000000c9100000, 0x00000000c9000000| Untracked 
| 145|0x00000000c9100000, 0x00000000c9200000, 0x00000000c9200000|100%|HC|  |TAMS 0x00000000c9200000, 0x00000000c9100000| Untracked 
| 146|0x00000000c9200000, 0x00000000c9300000, 0x00000000c9300000|100%|HC|  |TAMS 0x00000000c9300000, 0x00000000c9200000| Untracked 
| 147|0x00000000c9300000, 0x00000000c9300000, 0x00000000c9400000|  0%| F|  |TAMS 0x00000000c9300000, 0x00000000c9300000| Untracked 
| 148|0x00000000c9400000, 0x00000000c9400000, 0x00000000c9500000|  0%| F|  |TAMS 0x00000000c9400000, 0x00000000c9400000| Untracked 
| 149|0x00000000c9500000, 0x00000000c9500000, 0x00000000c9600000|  0%| F|  |TAMS 0x00000000c9500000, 0x00000000c9500000| Untracked 
| 150|0x00000000c9600000, 0x00000000c9600000, 0x00000000c9700000|  0%| F|  |TAMS 0x00000000c9600000, 0x00000000c9600000| Untracked 
| 151|0x00000000c9700000, 0x00000000c9700000, 0x00000000c9800000|  0%| F|  |TAMS 0x00000000c9700000, 0x00000000c9700000| Untracked 
| 152|0x00000000c9800000, 0x00000000c9800000, 0x00000000c9900000|  0%| F|  |TAMS 0x00000000c9800000, 0x00000000c9800000| Untracked 
| 153|0x00000000c9900000, 0x00000000c9900000, 0x00000000c9a00000|  0%| F|  |TAMS 0x00000000c9900000, 0x00000000c9900000| Untracked 
| 154|0x00000000c9a00000, 0x00000000c9a00000, 0x00000000c9b00000|  0%| F|  |TAMS 0x00000000c9a00000, 0x00000000c9a00000| Untracked 
| 155|0x00000000c9b00000, 0x00000000c9b00000, 0x00000000c9c00000|  0%| F|  |TAMS 0x00000000c9b00000, 0x00000000c9b00000| Untracked 
| 156|0x00000000c9c00000, 0x00000000c9c00000, 0x00000000c9d00000|  0%| F|  |TAMS 0x00000000c9c00000, 0x00000000c9c00000| Untracked 
| 157|0x00000000c9d00000, 0x00000000c9d00000, 0x00000000c9e00000|  0%| F|  |TAMS 0x00000000c9d00000, 0x00000000c9d00000| Untracked 
| 158|0x00000000c9e00000, 0x00000000c9e00000, 0x00000000c9f00000|  0%| F|  |TAMS 0x00000000c9e00000, 0x00000000c9e00000| Untracked 
| 159|0x00000000c9f00000, 0x00000000c9f00000, 0x00000000ca000000|  0%| F|  |TAMS 0x00000000c9f00000, 0x00000000c9f00000| Untracked 
| 160|0x00000000ca000000, 0x00000000ca000000, 0x00000000ca100000|  0%| F|  |TAMS 0x00000000ca000000, 0x00000000ca000000| Untracked 
| 161|0x00000000ca100000, 0x00000000ca100000, 0x00000000ca200000|  0%| F|  |TAMS 0x00000000ca100000, 0x00000000ca100000| Untracked 
| 162|0x00000000ca200000, 0x00000000ca200000, 0x00000000ca300000|  0%| F|  |TAMS 0x00000000ca200000, 0x00000000ca200000| Untracked 
| 163|0x00000000ca300000, 0x00000000ca300000, 0x00000000ca400000|  0%| F|  |TAMS 0x00000000ca300000, 0x00000000ca300000| Untracked 
| 164|0x00000000ca400000, 0x00000000ca400000, 0x00000000ca500000|  0%| F|  |TAMS 0x00000000ca400000, 0x00000000ca400000| Untracked 
| 165|0x00000000ca500000, 0x00000000ca500000, 0x00000000ca600000|  0%| F|  |TAMS 0x00000000ca500000, 0x00000000ca500000| Untracked 
| 166|0x00000000ca600000, 0x00000000ca600000, 0x00000000ca700000|  0%| F|  |TAMS 0x00000000ca600000, 0x00000000ca600000| Untracked 
| 167|0x00000000ca700000, 0x00000000ca700000, 0x00000000ca800000|  0%| F|  |TAMS 0x00000000ca700000, 0x00000000ca700000| Untracked 
| 168|0x00000000ca800000, 0x00000000ca800000, 0x00000000ca900000|  0%| F|  |TAMS 0x00000000ca800000, 0x00000000ca800000| Untracked 
| 169|0x00000000ca900000, 0x00000000ca900000, 0x00000000caa00000|  0%| F|  |TAMS 0x00000000ca900000, 0x00000000ca900000| Untracked 
| 170|0x00000000caa00000, 0x00000000caa00000, 0x00000000cab00000|  0%| F|  |TAMS 0x00000000caa00000, 0x00000000caa00000| Untracked 
| 171|0x00000000cab00000, 0x00000000cab00000, 0x00000000cac00000|  0%| F|  |TAMS 0x00000000cab00000, 0x00000000cab00000| Untracked 
| 172|0x00000000cac00000, 0x00000000cac00000, 0x00000000cad00000|  0%| F|  |TAMS 0x00000000cac00000, 0x00000000cac00000| Untracked 
| 173|0x00000000cad00000, 0x00000000cad00000, 0x00000000cae00000|  0%| F|  |TAMS 0x00000000cad00000, 0x00000000cad00000| Untracked 
| 174|0x00000000cae00000, 0x00000000cae00000, 0x00000000caf00000|  0%| F|  |TAMS 0x00000000cae00000, 0x00000000cae00000| Untracked 
| 175|0x00000000caf00000, 0x00000000caf00000, 0x00000000cb000000|  0%| F|  |TAMS 0x00000000caf00000, 0x00000000caf00000| Untracked 
| 176|0x00000000cb000000, 0x00000000cb000000, 0x00000000cb100000|  0%| F|  |TAMS 0x00000000cb000000, 0x00000000cb000000| Untracked 
| 177|0x00000000cb100000, 0x00000000cb100000, 0x00000000cb200000|  0%| F|  |TAMS 0x00000000cb100000, 0x00000000cb100000| Untracked 
| 178|0x00000000cb200000, 0x00000000cb200000, 0x00000000cb300000|  0%| F|  |TAMS 0x00000000cb200000, 0x00000000cb200000| Untracked 
| 179|0x00000000cb300000, 0x00000000cb300000, 0x00000000cb400000|  0%| F|  |TAMS 0x00000000cb300000, 0x00000000cb300000| Untracked 
| 180|0x00000000cb400000, 0x00000000cb400000, 0x00000000cb500000|  0%| F|  |TAMS 0x00000000cb400000, 0x00000000cb400000| Untracked 
| 181|0x00000000cb500000, 0x00000000cb500000, 0x00000000cb600000|  0%| F|  |TAMS 0x00000000cb500000, 0x00000000cb500000| Untracked 
| 182|0x00000000cb600000, 0x00000000cb600000, 0x00000000cb700000|  0%| F|  |TAMS 0x00000000cb600000, 0x00000000cb600000| Untracked 
| 183|0x00000000cb700000, 0x00000000cb700000, 0x00000000cb800000|  0%| F|  |TAMS 0x00000000cb700000, 0x00000000cb700000| Untracked 
| 184|0x00000000cb800000, 0x00000000cb800000, 0x00000000cb900000|  0%| F|  |TAMS 0x00000000cb800000, 0x00000000cb800000| Untracked 
| 185|0x00000000cb900000, 0x00000000cb900000, 0x00000000cba00000|  0%| F|  |TAMS 0x00000000cb900000, 0x00000000cb900000| Untracked 
| 186|0x00000000cba00000, 0x00000000cba00000, 0x00000000cbb00000|  0%| F|  |TAMS 0x00000000cba00000, 0x00000000cba00000| Untracked 
| 187|0x00000000cbb00000, 0x00000000cbb00000, 0x00000000cbc00000|  0%| F|  |TAMS 0x00000000cbb00000, 0x00000000cbb00000| Untracked 
| 188|0x00000000cbc00000, 0x00000000cbc00000, 0x00000000cbd00000|  0%| F|  |TAMS 0x00000000cbc00000, 0x00000000cbc00000| Untracked 
| 189|0x00000000cbd00000, 0x00000000cbd00000, 0x00000000cbe00000|  0%| F|  |TAMS 0x00000000cbd00000, 0x00000000cbd00000| Untracked 
| 190|0x00000000cbe00000, 0x00000000cbe00000, 0x00000000cbf00000|  0%| F|  |TAMS 0x00000000cbe00000, 0x00000000cbe00000| Untracked 
| 191|0x00000000cbf00000, 0x00000000cbf00000, 0x00000000cc000000|  0%| F|  |TAMS 0x00000000cbf00000, 0x00000000cbf00000| Untracked 
| 192|0x00000000cc000000, 0x00000000cc000000, 0x00000000cc100000|  0%| F|  |TAMS 0x00000000cc000000, 0x00000000cc000000| Untracked 
| 193|0x00000000cc100000, 0x00000000cc100000, 0x00000000cc200000|  0%| F|  |TAMS 0x00000000cc100000, 0x00000000cc100000| Untracked 
| 194|0x00000000cc200000, 0x00000000cc200000, 0x00000000cc300000|  0%| F|  |TAMS 0x00000000cc200000, 0x00000000cc200000| Untracked 
| 195|0x00000000cc300000, 0x00000000cc300000, 0x00000000cc400000|  0%| F|  |TAMS 0x00000000cc300000, 0x00000000cc300000| Untracked 
| 196|0x00000000cc400000, 0x00000000cc400000, 0x00000000cc500000|  0%| F|  |TAMS 0x00000000cc400000, 0x00000000cc400000| Untracked 
| 197|0x00000000cc500000, 0x00000000cc500000, 0x00000000cc600000|  0%| F|  |TAMS 0x00000000cc500000, 0x00000000cc500000| Untracked 
| 198|0x00000000cc600000, 0x00000000cc600000, 0x00000000cc700000|  0%| F|  |TAMS 0x00000000cc600000, 0x00000000cc600000| Untracked 
| 199|0x00000000cc700000, 0x00000000cc700000, 0x00000000cc800000|  0%| F|  |TAMS 0x00000000cc700000, 0x00000000cc700000| Untracked 
| 200|0x00000000cc800000, 0x00000000cc800000, 0x00000000cc900000|  0%| F|  |TAMS 0x00000000cc800000, 0x00000000cc800000| Untracked 
| 201|0x00000000cc900000, 0x00000000cc900000, 0x00000000cca00000|  0%| F|  |TAMS 0x00000000cc900000, 0x00000000cc900000| Untracked 
| 202|0x00000000cca00000, 0x00000000cca00000, 0x00000000ccb00000|  0%| F|  |TAMS 0x00000000cca00000, 0x00000000cca00000| Untracked 
| 203|0x00000000ccb00000, 0x00000000ccb00000, 0x00000000ccc00000|  0%| F|  |TAMS 0x00000000ccb00000, 0x00000000ccb00000| Untracked 
| 204|0x00000000ccc00000, 0x00000000ccc00000, 0x00000000ccd00000|  0%| F|  |TAMS 0x00000000ccc00000, 0x00000000ccc00000| Untracked 
| 205|0x00000000ccd00000, 0x00000000ccd00000, 0x00000000cce00000|  0%| F|  |TAMS 0x00000000ccd00000, 0x00000000ccd00000| Untracked 
| 206|0x00000000cce00000, 0x00000000cce00000, 0x00000000ccf00000|  0%| F|  |TAMS 0x00000000cce00000, 0x00000000cce00000| Untracked 
| 207|0x00000000ccf00000, 0x00000000ccf00000, 0x00000000cd000000|  0%| F|  |TAMS 0x00000000ccf00000, 0x00000000ccf00000| Untracked 
| 208|0x00000000cd000000, 0x00000000cd000000, 0x00000000cd100000|  0%| F|  |TAMS 0x00000000cd000000, 0x00000000cd000000| Untracked 
| 209|0x00000000cd100000, 0x00000000cd100000, 0x00000000cd200000|  0%| F|  |TAMS 0x00000000cd100000, 0x00000000cd100000| Untracked 
| 210|0x00000000cd200000, 0x00000000cd200000, 0x00000000cd300000|  0%| F|  |TAMS 0x00000000cd200000, 0x00000000cd200000| Untracked 
| 211|0x00000000cd300000, 0x00000000cd300000, 0x00000000cd400000|  0%| F|  |TAMS 0x00000000cd300000, 0x00000000cd300000| Untracked 
| 212|0x00000000cd400000, 0x00000000cd400000, 0x00000000cd500000|  0%| F|  |TAMS 0x00000000cd400000, 0x00000000cd400000| Untracked 
| 213|0x00000000cd500000, 0x00000000cd500000, 0x00000000cd600000|  0%| F|  |TAMS 0x00000000cd500000, 0x00000000cd500000| Untracked 
| 214|0x00000000cd600000, 0x00000000cd600000, 0x00000000cd700000|  0%| F|  |TAMS 0x00000000cd600000, 0x00000000cd600000| Untracked 
| 215|0x00000000cd700000, 0x00000000cd700000, 0x00000000cd800000|  0%| F|  |TAMS 0x00000000cd700000, 0x00000000cd700000| Untracked 
| 216|0x00000000cd800000, 0x00000000cd800000, 0x00000000cd900000|  0%| F|  |TAMS 0x00000000cd800000, 0x00000000cd800000| Untracked 
| 217|0x00000000cd900000, 0x00000000cd900000, 0x00000000cda00000|  0%| F|  |TAMS 0x00000000cd900000, 0x00000000cd900000| Untracked 
| 218|0x00000000cda00000, 0x00000000cda00000, 0x00000000cdb00000|  0%| F|  |TAMS 0x00000000cda00000, 0x00000000cda00000| Untracked 
| 219|0x00000000cdb00000, 0x00000000cdb00000, 0x00000000cdc00000|  0%| F|  |TAMS 0x00000000cdb00000, 0x00000000cdb00000| Untracked 
| 220|0x00000000cdc00000, 0x00000000cdc00000, 0x00000000cdd00000|  0%| F|  |TAMS 0x00000000cdc00000, 0x00000000cdc00000| Untracked 
| 221|0x00000000cdd00000, 0x00000000cdd00000, 0x00000000cde00000|  0%| F|  |TAMS 0x00000000cdd00000, 0x00000000cdd00000| Untracked 
| 222|0x00000000cde00000, 0x00000000cde00000, 0x00000000cdf00000|  0%| F|  |TAMS 0x00000000cde00000, 0x00000000cde00000| Untracked 
| 223|0x00000000cdf00000, 0x00000000cdf00000, 0x00000000ce000000|  0%| F|  |TAMS 0x00000000cdf00000, 0x00000000cdf00000| Untracked 
| 224|0x00000000ce000000, 0x00000000ce000000, 0x00000000ce100000|  0%| F|  |TAMS 0x00000000ce000000, 0x00000000ce000000| Untracked 
| 225|0x00000000ce100000, 0x00000000ce100000, 0x00000000ce200000|  0%| F|  |TAMS 0x00000000ce100000, 0x00000000ce100000| Untracked 
| 226|0x00000000ce200000, 0x00000000ce200000, 0x00000000ce300000|  0%| F|  |TAMS 0x00000000ce200000, 0x00000000ce200000| Untracked 
| 227|0x00000000ce300000, 0x00000000ce300000, 0x00000000ce400000|  0%| F|  |TAMS 0x00000000ce300000, 0x00000000ce300000| Untracked 
| 228|0x00000000ce400000, 0x00000000ce400000, 0x00000000ce500000|  0%| F|  |TAMS 0x00000000ce400000, 0x00000000ce400000| Untracked 
| 229|0x00000000ce500000, 0x00000000ce500000, 0x00000000ce600000|  0%| F|  |TAMS 0x00000000ce500000, 0x00000000ce500000| Untracked 
| 230|0x00000000ce600000, 0x00000000ce600000, 0x00000000ce700000|  0%| F|  |TAMS 0x00000000ce600000, 0x00000000ce600000| Untracked 
| 231|0x00000000ce700000, 0x00000000ce700000, 0x00000000ce800000|  0%| F|  |TAMS 0x00000000ce700000, 0x00000000ce700000| Untracked 
| 232|0x00000000ce800000, 0x00000000ce800000, 0x00000000ce900000|  0%| F|  |TAMS 0x00000000ce800000, 0x00000000ce800000| Untracked 
| 233|0x00000000ce900000, 0x00000000ce900000, 0x00000000cea00000|  0%| F|  |TAMS 0x00000000ce900000, 0x00000000ce900000| Untracked 
| 234|0x00000000cea00000, 0x00000000cea00000, 0x00000000ceb00000|  0%| F|  |TAMS 0x00000000cea00000, 0x00000000cea00000| Untracked 
| 235|0x00000000ceb00000, 0x00000000ceb00000, 0x00000000cec00000|  0%| F|  |TAMS 0x00000000ceb00000, 0x00000000ceb00000| Untracked 
| 236|0x00000000cec00000, 0x00000000cec00000, 0x00000000ced00000|  0%| F|  |TAMS 0x00000000cec00000, 0x00000000cec00000| Untracked 
| 237|0x00000000ced00000, 0x00000000ced00000, 0x00000000cee00000|  0%| F|  |TAMS 0x00000000ced00000, 0x00000000ced00000| Untracked 
| 238|0x00000000cee00000, 0x00000000cee00000, 0x00000000cef00000|  0%| F|  |TAMS 0x00000000cee00000, 0x00000000cee00000| Untracked 
| 239|0x00000000cef00000, 0x00000000cef00000, 0x00000000cf000000|  0%| F|  |TAMS 0x00000000cef00000, 0x00000000cef00000| Untracked 
| 240|0x00000000cf000000, 0x00000000cf000000, 0x00000000cf100000|  0%| F|  |TAMS 0x00000000cf000000, 0x00000000cf000000| Untracked 
| 241|0x00000000cf100000, 0x00000000cf100000, 0x00000000cf200000|  0%| F|  |TAMS 0x00000000cf100000, 0x00000000cf100000| Untracked 
| 242|0x00000000cf200000, 0x00000000cf200000, 0x00000000cf300000|  0%| F|  |TAMS 0x00000000cf200000, 0x00000000cf200000| Untracked 
| 243|0x00000000cf300000, 0x00000000cf300000, 0x00000000cf400000|  0%| F|  |TAMS 0x00000000cf300000, 0x00000000cf300000| Untracked 
| 244|0x00000000cf400000, 0x00000000cf400000, 0x00000000cf500000|  0%| F|  |TAMS 0x00000000cf400000, 0x00000000cf400000| Untracked 
| 245|0x00000000cf500000, 0x00000000cf500000, 0x00000000cf600000|  0%| F|  |TAMS 0x00000000cf500000, 0x00000000cf500000| Untracked 
| 246|0x00000000cf600000, 0x00000000cf600000, 0x00000000cf700000|  0%| F|  |TAMS 0x00000000cf600000, 0x00000000cf600000| Untracked 
| 247|0x00000000cf700000, 0x00000000cf700000, 0x00000000cf800000|  0%| F|  |TAMS 0x00000000cf700000, 0x00000000cf700000| Untracked 
| 248|0x00000000cf800000, 0x00000000cf800000, 0x00000000cf900000|  0%| F|  |TAMS 0x00000000cf800000, 0x00000000cf800000| Untracked 
| 249|0x00000000cf900000, 0x00000000cf900000, 0x00000000cfa00000|  0%| F|  |TAMS 0x00000000cf900000, 0x00000000cf900000| Untracked 
| 250|0x00000000cfa00000, 0x00000000cfa00000, 0x00000000cfb00000|  0%| F|  |TAMS 0x00000000cfa00000, 0x00000000cfa00000| Untracked 
| 251|0x00000000cfb00000, 0x00000000cfb00000, 0x00000000cfc00000|  0%| F|  |TAMS 0x00000000cfb00000, 0x00000000cfb00000| Untracked 
| 252|0x00000000cfc00000, 0x00000000cfc00000, 0x00000000cfd00000|  0%| F|  |TAMS 0x00000000cfc00000, 0x00000000cfc00000| Untracked 
| 253|0x00000000cfd00000, 0x00000000cfd00000, 0x00000000cfe00000|  0%| F|  |TAMS 0x00000000cfd00000, 0x00000000cfd00000| Untracked 
| 254|0x00000000cfe00000, 0x00000000cfe00000, 0x00000000cff00000|  0%| F|  |TAMS 0x00000000cfe00000, 0x00000000cfe00000| Untracked 
| 255|0x00000000cff00000, 0x00000000cff00000, 0x00000000d0000000|  0%| F|  |TAMS 0x00000000cff00000, 0x00000000cff00000| Untracked 
| 256|0x00000000d0000000, 0x00000000d0000000, 0x00000000d0100000|  0%| F|  |TAMS 0x00000000d0000000, 0x00000000d0000000| Untracked 
| 257|0x00000000d0100000, 0x00000000d0100000, 0x00000000d0200000|  0%| F|  |TAMS 0x00000000d0100000, 0x00000000d0100000| Untracked 
| 258|0x00000000d0200000, 0x00000000d0200000, 0x00000000d0300000|  0%| F|  |TAMS 0x00000000d0200000, 0x00000000d0200000| Untracked 
| 259|0x00000000d0300000, 0x00000000d0300000, 0x00000000d0400000|  0%| F|  |TAMS 0x00000000d0300000, 0x00000000d0300000| Untracked 
| 260|0x00000000d0400000, 0x00000000d0400000, 0x00000000d0500000|  0%| F|  |TAMS 0x00000000d0400000, 0x00000000d0400000| Untracked 
| 261|0x00000000d0500000, 0x00000000d0500000, 0x00000000d0600000|  0%| F|  |TAMS 0x00000000d0500000, 0x00000000d0500000| Untracked 
| 262|0x00000000d0600000, 0x00000000d0600000, 0x00000000d0700000|  0%| F|  |TAMS 0x00000000d0600000, 0x00000000d0600000| Untracked 
| 263|0x00000000d0700000, 0x00000000d0700000, 0x00000000d0800000|  0%| F|  |TAMS 0x00000000d0700000, 0x00000000d0700000| Untracked 
| 264|0x00000000d0800000, 0x00000000d0800000, 0x00000000d0900000|  0%| F|  |TAMS 0x00000000d0800000, 0x00000000d0800000| Untracked 
| 265|0x00000000d0900000, 0x00000000d0900000, 0x00000000d0a00000|  0%| F|  |TAMS 0x00000000d0900000, 0x00000000d0900000| Untracked 
| 266|0x00000000d0a00000, 0x00000000d0a00000, 0x00000000d0b00000|  0%| F|  |TAMS 0x00000000d0a00000, 0x00000000d0a00000| Untracked 
| 267|0x00000000d0b00000, 0x00000000d0b00000, 0x00000000d0c00000|  0%| F|  |TAMS 0x00000000d0b00000, 0x00000000d0b00000| Untracked 
| 268|0x00000000d0c00000, 0x00000000d0c00000, 0x00000000d0d00000|  0%| F|  |TAMS 0x00000000d0c00000, 0x00000000d0c00000| Untracked 
| 269|0x00000000d0d00000, 0x00000000d0d00000, 0x00000000d0e00000|  0%| F|  |TAMS 0x00000000d0d00000, 0x00000000d0d00000| Untracked 
| 270|0x00000000d0e00000, 0x00000000d0e00000, 0x00000000d0f00000|  0%| F|  |TAMS 0x00000000d0e00000, 0x00000000d0e00000| Untracked 
| 271|0x00000000d0f00000, 0x00000000d0f00000, 0x00000000d1000000|  0%| F|  |TAMS 0x00000000d0f00000, 0x00000000d0f00000| Untracked 
| 272|0x00000000d1000000, 0x00000000d1000000, 0x00000000d1100000|  0%| F|  |TAMS 0x00000000d1000000, 0x00000000d1000000| Untracked 
| 273|0x00000000d1100000, 0x00000000d1100000, 0x00000000d1200000|  0%| F|  |TAMS 0x00000000d1100000, 0x00000000d1100000| Untracked 
| 274|0x00000000d1200000, 0x00000000d1200000, 0x00000000d1300000|  0%| F|  |TAMS 0x00000000d1200000, 0x00000000d1200000| Untracked 
| 275|0x00000000d1300000, 0x00000000d1300000, 0x00000000d1400000|  0%| F|  |TAMS 0x00000000d1300000, 0x00000000d1300000| Untracked 
| 276|0x00000000d1400000, 0x00000000d1400000, 0x00000000d1500000|  0%| F|  |TAMS 0x00000000d1400000, 0x00000000d1400000| Untracked 
| 277|0x00000000d1500000, 0x00000000d1500000, 0x00000000d1600000|  0%| F|  |TAMS 0x00000000d1500000, 0x00000000d1500000| Untracked 
| 278|0x00000000d1600000, 0x00000000d1600000, 0x00000000d1700000|  0%| F|  |TAMS 0x00000000d1600000, 0x00000000d1600000| Untracked 
| 279|0x00000000d1700000, 0x00000000d1700000, 0x00000000d1800000|  0%| F|  |TAMS 0x00000000d1700000, 0x00000000d1700000| Untracked 
| 280|0x00000000d1800000, 0x00000000d1800000, 0x00000000d1900000|  0%| F|  |TAMS 0x00000000d1800000, 0x00000000d1800000| Untracked 
| 281|0x00000000d1900000, 0x00000000d1900000, 0x00000000d1a00000|  0%| F|  |TAMS 0x00000000d1900000, 0x00000000d1900000| Untracked 
| 282|0x00000000d1a00000, 0x00000000d1a00000, 0x00000000d1b00000|  0%| F|  |TAMS 0x00000000d1a00000, 0x00000000d1a00000| Untracked 
| 283|0x00000000d1b00000, 0x00000000d1b00000, 0x00000000d1c00000|  0%| F|  |TAMS 0x00000000d1b00000, 0x00000000d1b00000| Untracked 
| 284|0x00000000d1c00000, 0x00000000d1c00000, 0x00000000d1d00000|  0%| F|  |TAMS 0x00000000d1c00000, 0x00000000d1c00000| Untracked 
| 285|0x00000000d1d00000, 0x00000000d1d00000, 0x00000000d1e00000|  0%| F|  |TAMS 0x00000000d1d00000, 0x00000000d1d00000| Untracked 
| 286|0x00000000d1e00000, 0x00000000d1e00000, 0x00000000d1f00000|  0%| F|  |TAMS 0x00000000d1e00000, 0x00000000d1e00000| Untracked 
| 287|0x00000000d1f00000, 0x00000000d1f00000, 0x00000000d2000000|  0%| F|  |TAMS 0x00000000d1f00000, 0x00000000d1f00000| Untracked 
| 288|0x00000000d2000000, 0x00000000d2000000, 0x00000000d2100000|  0%| F|  |TAMS 0x00000000d2000000, 0x00000000d2000000| Untracked 
| 289|0x00000000d2100000, 0x00000000d2100000, 0x00000000d2200000|  0%| F|  |TAMS 0x00000000d2100000, 0x00000000d2100000| Untracked 
| 290|0x00000000d2200000, 0x00000000d2200000, 0x00000000d2300000|  0%| F|  |TAMS 0x00000000d2200000, 0x00000000d2200000| Untracked 
| 291|0x00000000d2300000, 0x00000000d2300000, 0x00000000d2400000|  0%| F|  |TAMS 0x00000000d2300000, 0x00000000d2300000| Untracked 
| 292|0x00000000d2400000, 0x00000000d2400000, 0x00000000d2500000|  0%| F|  |TAMS 0x00000000d2400000, 0x00000000d2400000| Untracked 
| 293|0x00000000d2500000, 0x00000000d2500000, 0x00000000d2600000|  0%| F|  |TAMS 0x00000000d2500000, 0x00000000d2500000| Untracked 
| 294|0x00000000d2600000, 0x00000000d2600000, 0x00000000d2700000|  0%| F|  |TAMS 0x00000000d2600000, 0x00000000d2600000| Untracked 
| 295|0x00000000d2700000, 0x00000000d2700000, 0x00000000d2800000|  0%| F|  |TAMS 0x00000000d2700000, 0x00000000d2700000| Untracked 
| 296|0x00000000d2800000, 0x00000000d2800000, 0x00000000d2900000|  0%| F|  |TAMS 0x00000000d2800000, 0x00000000d2800000| Untracked 
| 297|0x00000000d2900000, 0x00000000d2900000, 0x00000000d2a00000|  0%| F|  |TAMS 0x00000000d2900000, 0x00000000d2900000| Untracked 
| 298|0x00000000d2a00000, 0x00000000d2a00000, 0x00000000d2b00000|  0%| F|  |TAMS 0x00000000d2a00000, 0x00000000d2a00000| Untracked 
| 299|0x00000000d2b00000, 0x00000000d2b00000, 0x00000000d2c00000|  0%| F|  |TAMS 0x00000000d2b00000, 0x00000000d2b00000| Untracked 
| 300|0x00000000d2c00000, 0x00000000d2c00000, 0x00000000d2d00000|  0%| F|  |TAMS 0x00000000d2c00000, 0x00000000d2c00000| Untracked 
| 301|0x00000000d2d00000, 0x00000000d2d00000, 0x00000000d2e00000|  0%| F|  |TAMS 0x00000000d2d00000, 0x00000000d2d00000| Untracked 
| 302|0x00000000d2e00000, 0x00000000d2e00000, 0x00000000d2f00000|  0%| F|  |TAMS 0x00000000d2e00000, 0x00000000d2e00000| Untracked 
| 303|0x00000000d2f00000, 0x00000000d2f00000, 0x00000000d3000000|  0%| F|  |TAMS 0x00000000d2f00000, 0x00000000d2f00000| Untracked 
| 304|0x00000000d3000000, 0x00000000d3000000, 0x00000000d3100000|  0%| F|  |TAMS 0x00000000d3000000, 0x00000000d3000000| Untracked 
| 305|0x00000000d3100000, 0x00000000d3100000, 0x00000000d3200000|  0%| F|  |TAMS 0x00000000d3100000, 0x00000000d3100000| Untracked 
| 306|0x00000000d3200000, 0x00000000d3200000, 0x00000000d3300000|  0%| F|  |TAMS 0x00000000d3200000, 0x00000000d3200000| Untracked 
| 307|0x00000000d3300000, 0x00000000d3300000, 0x00000000d3400000|  0%| F|  |TAMS 0x00000000d3300000, 0x00000000d3300000| Untracked 
| 308|0x00000000d3400000, 0x00000000d3400000, 0x00000000d3500000|  0%| F|  |TAMS 0x00000000d3400000, 0x00000000d3400000| Untracked 
| 309|0x00000000d3500000, 0x00000000d3500000, 0x00000000d3600000|  0%| F|  |TAMS 0x00000000d3500000, 0x00000000d3500000| Untracked 
| 310|0x00000000d3600000, 0x00000000d3700000, 0x00000000d3700000|100%| O|  |TAMS 0x00000000d3700000, 0x00000000d3600000| Untracked 
| 311|0x00000000d3700000, 0x00000000d3700000, 0x00000000d3800000|  0%| F|  |TAMS 0x00000000d3700000, 0x00000000d3700000| Untracked 
| 312|0x00000000d3800000, 0x00000000d3800000, 0x00000000d3900000|  0%| F|  |TAMS 0x00000000d3800000, 0x00000000d3800000| Untracked 
| 313|0x00000000d3900000, 0x00000000d3900000, 0x00000000d3a00000|  0%| F|  |TAMS 0x00000000d3900000, 0x00000000d3900000| Untracked 
| 314|0x00000000d3a00000, 0x00000000d3a00000, 0x00000000d3b00000|  0%| F|  |TAMS 0x00000000d3a00000, 0x00000000d3a00000| Untracked 
| 315|0x00000000d3b00000, 0x00000000d3b00000, 0x00000000d3c00000|  0%| F|  |TAMS 0x00000000d3b00000, 0x00000000d3b00000| Untracked 
| 316|0x00000000d3c00000, 0x00000000d3c00000, 0x00000000d3d00000|  0%| F|  |TAMS 0x00000000d3c00000, 0x00000000d3c00000| Untracked 
| 317|0x00000000d3d00000, 0x00000000d3d00000, 0x00000000d3e00000|  0%| F|  |TAMS 0x00000000d3d00000, 0x00000000d3d00000| Untracked 
| 318|0x00000000d3e00000, 0x00000000d3e00000, 0x00000000d3f00000|  0%| F|  |TAMS 0x00000000d3e00000, 0x00000000d3e00000| Untracked 
| 319|0x00000000d3f00000, 0x00000000d3f00000, 0x00000000d4000000|  0%| F|  |TAMS 0x00000000d3f00000, 0x00000000d3f00000| Untracked 
| 320|0x00000000d4000000, 0x00000000d4000000, 0x00000000d4100000|  0%| F|  |TAMS 0x00000000d4000000, 0x00000000d4000000| Untracked 
| 321|0x00000000d4100000, 0x00000000d4100000, 0x00000000d4200000|  0%| F|  |TAMS 0x00000000d4100000, 0x00000000d4100000| Untracked 
| 322|0x00000000d4200000, 0x00000000d4200000, 0x00000000d4300000|  0%| F|  |TAMS 0x00000000d4200000, 0x00000000d4200000| Untracked 
| 323|0x00000000d4300000, 0x00000000d4300000, 0x00000000d4400000|  0%| F|  |TAMS 0x00000000d4300000, 0x00000000d4300000| Untracked 
| 324|0x00000000d4400000, 0x00000000d4400000, 0x00000000d4500000|  0%| F|  |TAMS 0x00000000d4400000, 0x00000000d4400000| Untracked 
| 325|0x00000000d4500000, 0x00000000d4500000, 0x00000000d4600000|  0%| F|  |TAMS 0x00000000d4500000, 0x00000000d4500000| Untracked 
| 326|0x00000000d4600000, 0x00000000d4600000, 0x00000000d4700000|  0%| F|  |TAMS 0x00000000d4600000, 0x00000000d4600000| Untracked 
| 327|0x00000000d4700000, 0x00000000d4700000, 0x00000000d4800000|  0%| F|  |TAMS 0x00000000d4700000, 0x00000000d4700000| Untracked 
| 328|0x00000000d4800000, 0x00000000d4800000, 0x00000000d4900000|  0%| F|  |TAMS 0x00000000d4800000, 0x00000000d4800000| Untracked 
| 329|0x00000000d4900000, 0x00000000d49060d0, 0x00000000d4a00000|  2%| E|  |TAMS 0x00000000d4900000, 0x00000000d4900000| Complete 

Card table byte_map: [0x000002e4fa8f0000,0x000002e4faaf0000] _byte_map_base: 0x000002e4fa2f0000

Marking Bits (Prev, Next): (CMBitMap*) 0x000002e4f4782fb0, (CMBitMap*) 0x000002e4f4782f70
 Prev Bits: [0x000002e4fbcf0000, 0x000002e4fccf0000)
 Next Bits: [0x000002e4facf0000, 0x000002e4fbcf0000)

Polling page: 0x000002e4f2740000

Metaspace:

Usage:
  Non-class:     60.68 MB used.
      Class:      9.62 MB used.
       Both:     70.30 MB used.

Virtual space:
  Non-class space:       64.00 MB reserved,      60.94 MB ( 95%) committed,  8 nodes.
      Class space:        1.00 GB reserved,       9.81 MB ( <1%) committed,  1 nodes.
             Both:        1.06 GB reserved,      70.75 MB (  7%) committed. 

Chunk freelists:
   Non-Class:  2.87 MB
       Class:  2.14 MB
        Both:  5.02 MB

MaxMetaspaceSize: unlimited
CompressedClassSpaceSize: 1.00 GB
Initial GC threshold: 21.00 MB
Current GC threshold: 117.81 MB
CDS: off
MetaspaceReclaimPolicy: balanced
 - commit_granule_bytes: 65536.
 - commit_granule_words: 8192.
 - virtual_space_node_default_size: 1048576.
 - enlarge_chunks_in_place: 1.
 - new_chunks_are_fully_committed: 0.
 - uncommit_free_chunks: 1.
 - use_allocation_guard: 0.
 - handle_deallocations: 1.


Internal statistics:

num_allocs_failed_limit: 12.
num_arena_births: 828.
num_arena_deaths: 278.
num_vsnodes_births: 9.
num_vsnodes_deaths: 0.
num_space_committed: 1132.
num_space_uncommitted: 0.
num_chunks_returned_to_freelist: 350.
num_chunks_taken_from_freelist: 3247.
num_chunk_merges: 114.
num_chunk_splits: 2214.
num_chunks_enlarged: 1685.
num_purges: 14.
num_inconsistent_stats: 0.

CodeCache: size=49152Kb used=32028Kb max_used=32591Kb free=17123Kb
 bounds [0x000002e4f73c0000, 0x000002e4f93e0000, 0x000002e4fa3c0000]
 total_blobs=17284 nmethods=16590 adapters=619
 compilation: enabled
              stopped_count=0, restarted_count=0
 full_count=0

Compilation events (20 events):
Event: 8784.088 Thread 0x000002e4ffa32bc0 16783       1       org.eclipse.jdt.internal.compiler.ast.SingleMemberAnnotation::memberValuePairs (51 bytes)
Event: 8784.088 Thread 0x000002e4ffa32bc0 nmethod 16783 0x000002e4f9302010 code [0x000002e4f93021c0, 0x000002e4f9302508]
Event: 8784.088 Thread 0x000002e4ffa32bc0 16784       1       org.eclipse.jdt.internal.compiler.ast.MessageSend::isPolyExpression (9 bytes)
Event: 8784.088 Thread 0x000002e4ffa32bc0 nmethod 16784 0x000002e4f9301d10 code [0x000002e4f9301ea0, 0x000002e4f9301f88]
Event: 8784.089 Thread 0x000002e4ffa32bc0 16785       1       org.eclipse.jdt.internal.compiler.ast.TypeDeclaration::getJUnitMethodSourceValues (111 bytes)
Event: 8784.089 Thread 0x000002e490916e90 16786       1       org.eclipse.jdt.internal.compiler.util.SimpleSetOfCharArray::<init> (7 bytes)
Event: 8784.089 Thread 0x000002e490916e90 nmethod 16786 0x000002e4f9301a10 code [0x000002e4f9301ba0, 0x000002e4f9301c88]
Event: 8784.090 Thread 0x000002e4ffa32bc0 nmethod 16785 0x000002e4f9301390 code [0x000002e4f9301540, 0x000002e4f93017d8]
Event: 8784.090 Thread 0x000002e4ffa32bc0 16787       1       org.eclipse.jdt.internal.compiler.codegen.BranchLabel::branch (82 bytes)
Event: 8784.091 Thread 0x000002e490916e90 16788       1       org.eclipse.jdt.internal.compiler.codegen.StackMapFrame::getFrameType (139 bytes)
Event: 8784.091 Thread 0x000002e4ffa32bc0 nmethod 16787 0x000002e4f9300e90 code [0x000002e4f9301060, 0x000002e4f9301248]
Event: 8784.091 Thread 0x000002e4ffa32bc0 16789   !   1       org.eclipse.jdt.internal.compiler.ClassFile::addSpecialMethods (549 bytes)
Event: 8784.091 Thread 0x000002e490916e90 nmethod 16788 0x000002e4f9300990 code [0x000002e4f9300b60, 0x000002e4f9300de8]
Event: 8784.091 Thread 0x000002e490916e90 16790       1       org.eclipse.jdt.internal.compiler.ClassFile::generateMissingAbstractMethods (171 bytes)
Event: 8784.091 Thread 0x000002e490916e90 nmethod 16790 0x000002e4f92fff90 code [0x000002e4f9300160, 0x000002e4f93004f8]
Event: 8784.091 Thread 0x000002e490916e90 16791       1       org.eclipse.jdt.core.dom.SwitchStatement::statements (5 bytes)
Event: 8784.091 Thread 0x000002e490916e90 nmethod 16791 0x000002e4f92ffc90 code [0x000002e4f92ffe20, 0x000002e4f92ffef8]
Event: 8784.091 Thread 0x000002e4ffa32bc0 nmethod 16789 0x000002e4f92fe610 code [0x000002e4f92fe900, 0x000002e4f92ff438]
Event: 8784.261 Thread 0x000002e4ffa32bc0 16792       1       org.eclipse.jdt.core.dom.ASTVisitor::visit (2 bytes)
Event: 8784.261 Thread 0x000002e4ffa32bc0 nmethod 16792 0x000002e4f92fe310 code [0x000002e4f92fe4a0, 0x000002e4f92fe578]

GC Heap History (20 events):
Event: 5798.941 GC heap after
{Heap after GC invocations=619 (full 487):
 garbage-first heap   total 337920K, used 99792K [0x00000000c0000000, 0x0000000100000000)
  region size 1024K, 0 young (0K), 0 survivors (0K)
 Metaspace       used 71992K, committed 72448K, reserved 1114112K
  class space    used 9855K, committed 10048K, reserved 1048576K
}
Event: 8740.782 GC heap before
{Heap before GC invocations=619 (full 487):
 garbage-first heap   total 337920K, used 99792K [0x00000000c0000000, 0x0000000100000000)
  region size 1024K, 1 young (1024K), 0 survivors (0K)
 Metaspace       used 71992K, committed 72448K, reserved 1114112K
  class space    used 9855K, committed 10048K, reserved 1048576K
}
Event: 8740.821 GC heap after
{Heap after GC invocations=620 (full 488):
 garbage-first heap   total 337920K, used 99792K [0x00000000c0000000, 0x0000000100000000)
  region size 1024K, 0 young (0K), 0 survivors (0K)
 Metaspace       used 71992K, committed 72448K, reserved 1114112K
  class space    used 9855K, committed 10048K, reserved 1048576K
}
Event: 8750.983 GC heap before
{Heap before GC invocations=620 (full 488):
 garbage-first heap   total 337920K, used 99792K [0x00000000c0000000, 0x0000000100000000)
  region size 1024K, 1 young (1024K), 0 survivors (0K)
 Metaspace       used 71992K, committed 72448K, reserved 1114112K
  class space    used 9855K, committed 10048K, reserved 1048576K
}
Event: 8751.020 GC heap after
{Heap after GC invocations=621 (full 489):
 garbage-first heap   total 337920K, used 99792K [0x00000000c0000000, 0x0000000100000000)
  region size 1024K, 0 young (0K), 0 survivors (0K)
 Metaspace       used 71992K, committed 72448K, reserved 1114112K
  class space    used 9855K, committed 10048K, reserved 1048576K
}
Event: 8783.781 GC heap before
{Heap before GC invocations=621 (full 489):
 garbage-first heap   total 337920K, used 117200K [0x00000000c0000000, 0x0000000100000000)
  region size 1024K, 18 young (18432K), 0 survivors (0K)
 Metaspace       used 71992K, committed 72448K, reserved 1114112K
  class space    used 9855K, committed 10048K, reserved 1048576K
}
Event: 8783.792 GC heap after
{Heap after GC invocations=622 (full 489):
 garbage-first heap   total 337920K, used 102720K [0x00000000c0000000, 0x0000000100000000)
  region size 1024K, 3 young (3072K), 3 survivors (3072K)
 Metaspace       used 71992K, committed 72448K, reserved 1114112K
  class space    used 9855K, committed 10048K, reserved 1048576K
}
Event: 8821.218 GC heap before
{Heap before GC invocations=623 (full 489):
 garbage-first heap   total 337920K, used 129344K [0x00000000c0000000, 0x0000000100000000)
  region size 1024K, 29 young (29696K), 3 survivors (3072K)
 Metaspace       used 71992K, committed 72448K, reserved 1114112K
  class space    used 9855K, committed 10048K, reserved 1048576K
}
Event: 8821.254 GC heap after
{Heap after GC invocations=624 (full 490):
 garbage-first heap   total 337920K, used 103084K [0x00000000c0000000, 0x0000000100000000)
  region size 1024K, 0 young (0K), 0 survivors (0K)
 Metaspace       used 71992K, committed 72448K, reserved 1114112K
  class space    used 9855K, committed 10048K, reserved 1048576K
}
Event: 8831.411 GC heap before
{Heap before GC invocations=624 (full 490):
 garbage-first heap   total 337920K, used 103084K [0x00000000c0000000, 0x0000000100000000)
  region size 1024K, 1 young (1024K), 0 survivors (0K)
 Metaspace       used 71992K, committed 72448K, reserved 1114112K
  class space    used 9855K, committed 10048K, reserved 1048576K
}
Event: 8831.456 GC heap after
{Heap after GC invocations=625 (full 491):
 garbage-first heap   total 337920K, used 101123K [0x00000000c0000000, 0x0000000100000000)
  region size 1024K, 0 young (0K), 0 survivors (0K)
 Metaspace       used 71992K, committed 72448K, reserved 1114112K
  class space    used 9855K, committed 10048K, reserved 1048576K
}
Event: 8841.658 GC heap before
{Heap before GC invocations=625 (full 491):
 garbage-first heap   total 337920K, used 101123K [0x00000000c0000000, 0x0000000100000000)
  region size 1024K, 1 young (1024K), 0 survivors (0K)
 Metaspace       used 71992K, committed 72448K, reserved 1114112K
  class space    used 9855K, committed 10048K, reserved 1048576K
}
Event: 8841.699 GC heap after
{Heap after GC invocations=626 (full 492):
 garbage-first heap   total 337920K, used 101123K [0x00000000c0000000, 0x0000000100000000)
  region size 1024K, 0 young (0K), 0 survivors (0K)
 Metaspace       used 71992K, committed 72448K, reserved 1114112K
  class space    used 9855K, committed 10048K, reserved 1048576K
}
Event: 8851.853 GC heap before
{Heap before GC invocations=626 (full 492):
 garbage-first heap   total 337920K, used 101123K [0x00000000c0000000, 0x0000000100000000)
  region size 1024K, 1 young (1024K), 0 survivors (0K)
 Metaspace       used 71992K, committed 72448K, reserved 1114112K
  class space    used 9855K, committed 10048K, reserved 1048576K
}
Event: 8851.894 GC heap after
{Heap after GC invocations=627 (full 493):
 garbage-first heap   total 337920K, used 101120K [0x00000000c0000000, 0x0000000100000000)
  region size 1024K, 0 young (0K), 0 survivors (0K)
 Metaspace       used 71992K, committed 72448K, reserved 1114112K
  class space    used 9855K, committed 10048K, reserved 1048576K
}
Event: 8862.051 GC heap before
{Heap before GC invocations=627 (full 493):
 garbage-first heap   total 337920K, used 101120K [0x00000000c0000000, 0x0000000100000000)
  region size 1024K, 1 young (1024K), 0 survivors (0K)
 Metaspace       used 71992K, committed 72448K, reserved 1114112K
  class space    used 9855K, committed 10048K, reserved 1048576K
}
Event: 8862.091 GC heap after
{Heap after GC invocations=628 (full 494):
 garbage-first heap   total 337920K, used 101120K [0x00000000c0000000, 0x0000000100000000)
  region size 1024K, 0 young (0K), 0 survivors (0K)
 Metaspace       used 71992K, committed 72448K, reserved 1114112K
  class space    used 9855K, committed 10048K, reserved 1048576K
}
Event: 8872.248 GC heap before
{Heap before GC invocations=628 (full 494):
 garbage-first heap   total 337920K, used 101120K [0x00000000c0000000, 0x0000000100000000)
  region size 1024K, 1 young (1024K), 0 survivors (0K)
 Metaspace       used 71992K, committed 72448K, reserved 1114112K
  class space    used 9855K, committed 10048K, reserved 1048576K
}
Event: 8872.288 GC heap after
{Heap after GC invocations=629 (full 495):
 garbage-first heap   total 337920K, used 101120K [0x00000000c0000000, 0x0000000100000000)
  region size 1024K, 0 young (0K), 0 survivors (0K)
 Metaspace       used 71992K, committed 72448K, reserved 1114112K
  class space    used 9855K, committed 10048K, reserved 1048576K
}
Event: 8882.418 GC heap before
{Heap before GC invocations=629 (full 495):
 garbage-first heap   total 337920K, used 101120K [0x00000000c0000000, 0x0000000100000000)
  region size 1024K, 1 young (1024K), 0 survivors (0K)
 Metaspace       used 71992K, committed 72448K, reserved 1114112K
  class space    used 9855K, committed 10048K, reserved 1048576K
}

Dll operation events (10 events):
Event: 0.005 Loaded shared library c:\Users\eugen\.vscode\extensions\redhat.java-1.16.0-win32-x64\jre\17.0.6-win32-x86_64\bin\java.dll
Event: 0.148 Loaded shared library C:\Users\eugen\.vscode\extensions\redhat.java-1.16.0-win32-x64\jre\17.0.6-win32-x86_64\bin\net.dll
Event: 0.150 Loaded shared library C:\Users\eugen\.vscode\extensions\redhat.java-1.16.0-win32-x64\jre\17.0.6-win32-x86_64\bin\nio.dll
Event: 0.363 Loaded shared library C:\Users\eugen\.vscode\extensions\redhat.java-1.16.0-win32-x64\jre\17.0.6-win32-x86_64\bin\zip.dll
Event: 3.140 Loaded shared library C:\Users\eugen\.vscode\extensions\redhat.java-1.16.0-win32-x64\jre\17.0.6-win32-x86_64\bin\jimage.dll
Event: 5.625 Loaded shared library C:\Users\eugen\.vscode\extensions\redhat.java-1.16.0-win32-x64\jre\17.0.6-win32-x86_64\bin\management.dll
Event: 5.640 Loaded shared library C:\Users\eugen\.vscode\extensions\redhat.java-1.16.0-win32-x64\jre\17.0.6-win32-x86_64\bin\management_ext.dll
Event: 7.160 Loaded shared library C:\Users\eugen\.vscode\extensions\redhat.java-1.16.0-win32-x64\jre\17.0.6-win32-x86_64\bin\sunmscapi.dll
Event: 8.897 Loaded shared library c:\Users\eugen\.vscode\extensions\redhat.java-1.16.0-win32-x64\jre\17.0.6-win32-x86_64\bin\verify.dll
Event: 10.506 Loaded shared library C:\Users\eugen\AppData\Local\Temp\snappy-1.1.8-5109bcef-24e1-4062-a111-ccf1ae887ca5-snappyjava.dll

Deoptimization events (20 events):
Event: 3662.584 Thread 0x000002e484f3fba0 DEOPT PACKING pc=0x000002e4f8e2860f sp=0x000000ec870fd800
Event: 3662.584 Thread 0x000002e484f3fba0 DEOPT UNPACKING pc=0x000002e4f7417143 sp=0x000000ec870fccf8 mode 3
Event: 3988.927 Thread 0x000002e481e459e0 DEOPT PACKING pc=0x000002e4f9025118 sp=0x000000ec847fdf00
Event: 3988.927 Thread 0x000002e481e459e0 DEOPT UNPACKING pc=0x000002e4f7417143 sp=0x000000ec847fd3f0 mode 3
Event: 3989.859 Thread 0x000002e490cbbef0 DEOPT PACKING pc=0x000002e4f7f6a324 sp=0x000000ec866fe970
Event: 3989.859 Thread 0x000002e490cbbef0 DEOPT UNPACKING pc=0x000002e4f7417143 sp=0x000000ec866fdeb8 mode 0
Event: 3990.886 Thread 0x000002e490baa890 DEOPT PACKING pc=0x000002e4f8feb766 sp=0x000000ec87dfd260
Event: 3990.886 Thread 0x000002e490baa890 DEOPT UNPACKING pc=0x000002e4f7417143 sp=0x000000ec87dfc738 mode 3
Event: 4004.971 Thread 0x000002e481e459e0 DEOPT PACKING pc=0x000002e4f921b215 sp=0x000000ec847fd3b0
Event: 4004.971 Thread 0x000002e481e459e0 DEOPT UNPACKING pc=0x000002e4f7417143 sp=0x000000ec847fc838 mode 3
Event: 4011.145 Thread 0x000002e490cbbef0 DEOPT PACKING pc=0x000002e4f8fe7166 sp=0x000000ec866fe3f0
Event: 4011.145 Thread 0x000002e490cbbef0 DEOPT UNPACKING pc=0x000002e4f7417143 sp=0x000000ec866fda40 mode 0
Event: 4013.756 Thread 0x000002e490cbbef0 DEOPT PACKING pc=0x000002e4f91c0daf sp=0x000000ec866fe700
Event: 4013.756 Thread 0x000002e490cbbef0 DEOPT UNPACKING pc=0x000002e4f7417143 sp=0x000000ec866fdc30 mode 3
Event: 4013.889 Thread 0x000002e481e459e0 DEOPT PACKING pc=0x000002e4f91b9406 sp=0x000000ec847fdc90
Event: 4013.889 Thread 0x000002e481e459e0 DEOPT UNPACKING pc=0x000002e4f7417143 sp=0x000000ec847fd168 mode 3
Event: 4106.800 Thread 0x000002e490baa890 DEOPT PACKING pc=0x000002e4f91667d1 sp=0x000000ec87dfde60
Event: 4106.800 Thread 0x000002e490baa890 DEOPT UNPACKING pc=0x000002e4f7417143 sp=0x000000ec87dfd348 mode 3
Event: 4106.801 Thread 0x000002e490baa890 DEOPT PACKING pc=0x000002e4f90663bb sp=0x000000ec87dfe600
Event: 4106.801 Thread 0x000002e490baa890 DEOPT UNPACKING pc=0x000002e4f7417143 sp=0x000000ec87dfdad8 mode 3

Classes unloaded (20 events):
Event: 4222.351 Thread 0x000002e4ff9dcd60 Unloading class 0x0000000100088c00 'java/lang/invoke/LambdaForm$MH+0x0000000100088c00'
Event: 4222.351 Thread 0x000002e4ff9dcd60 Unloading class 0x0000000100089400 'java/lang/invoke/LambdaForm$MH+0x0000000100089400'
Event: 4222.351 Thread 0x000002e4ff9dcd60 Unloading class 0x0000000100089c00 'java/lang/invoke/LambdaForm$MH+0x0000000100089c00'
Event: 4222.351 Thread 0x000002e4ff9dcd60 Unloading class 0x0000000100215000 'java/lang/invoke/LambdaForm$MH+0x0000000100215000'
Event: 4222.351 Thread 0x000002e4ff9dcd60 Unloading class 0x0000000100225400 'java/lang/invoke/LambdaForm$MH+0x0000000100225400'
Event: 4222.351 Thread 0x000002e4ff9dcd60 Unloading class 0x000000010034c000 'java/lang/invoke/LambdaForm$MH+0x000000010034c000'
Event: 4222.351 Thread 0x000002e4ff9dcd60 Unloading class 0x000000010034d400 'java/lang/invoke/LambdaForm$MH+0x000000010034d400'
Event: 4222.351 Thread 0x000002e4ff9dcd60 Unloading class 0x000000010034e000 'java/lang/invoke/LambdaForm$MH+0x000000010034e000'
Event: 4222.351 Thread 0x000002e4ff9dcd60 Unloading class 0x000000010034f400 'java/lang/invoke/LambdaForm$MH+0x000000010034f400'
Event: 4222.351 Thread 0x000002e4ff9dcd60 Unloading class 0x0000000100350400 'java/lang/invoke/LambdaForm$MH+0x0000000100350400'
Event: 4222.351 Thread 0x000002e4ff9dcd60 Unloading class 0x000000010035d000 'java/lang/invoke/LambdaForm$MH+0x000000010035d000'
Event: 4222.351 Thread 0x000002e4ff9dcd60 Unloading class 0x000000010035cc00 'java/lang/invoke/LambdaForm$MH+0x000000010035cc00'
Event: 4222.351 Thread 0x000002e4ff9dcd60 Unloading class 0x0000000100356c00 'java/lang/invoke/LambdaForm$MH+0x0000000100356c00'
Event: 4385.129 Thread 0x000002e4ff9dcd60 Unloading class 0x0000000100355c00 'jdk/internal/reflect/GeneratedMethodAccessor45'
Event: 4385.129 Thread 0x000002e4ff9dcd60 Unloading class 0x0000000100351400 'jdk/internal/reflect/GeneratedConstructorAccessor72'
Event: 4385.129 Thread 0x000002e4ff9dcd60 Unloading class 0x00000001004a9800 'jdk/internal/reflect/GeneratedMethodAccessor44'
Event: 4385.129 Thread 0x000002e4ff9dcd60 Unloading class 0x00000001004a8400 'jdk/internal/reflect/GeneratedConstructorAccessor71'
Event: 4385.129 Thread 0x000002e4ff9dcd60 Unloading class 0x000000010039e000 'jdk/internal/reflect/GeneratedMethodAccessor43'
Event: 4385.129 Thread 0x000002e4ff9dcd60 Unloading class 0x0000000100374800 'jdk/internal/reflect/GeneratedMethodAccessor42'
Event: 4385.129 Thread 0x000002e4ff9dcd60 Unloading class 0x0000000100374000 'jdk/internal/reflect/GeneratedMethodAccessor41'

Classes redefined (0 events):
No events

Internal exceptions (20 events):
Event: 4119.233 Thread 0x000002e490baa890 Exception <a 'sun/nio/fs/WindowsException'{0x00000000d4d3fc30}> (0x00000000d4d3fc30) 
thrown [s\src\hotspot\share\prims\jni.cpp, line 516]
Event: 4119.233 Thread 0x000002e490baa890 Exception <a 'sun/nio/fs/WindowsException'{0x00000000d4d412d8}> (0x00000000d4d412d8) 
thrown [s\src\hotspot\share\prims\jni.cpp, line 516]
Event: 4123.888 Thread 0x000002e490baa890 Exception <a 'sun/nio/fs/WindowsException'{0x00000000d1363c10}> (0x00000000d1363c10) 
thrown [s\src\hotspot\share\prims\jni.cpp, line 516]
Event: 4123.889 Thread 0x000002e490baa890 Exception <a 'sun/nio/fs/WindowsException'{0x00000000d13652b8}> (0x00000000d13652b8) 
thrown [s\src\hotspot\share\prims\jni.cpp, line 516]
Event: 4131.277 Thread 0x000002e490baa890 Exception <a 'sun/nio/fs/WindowsException'{0x00000000d04a4010}> (0x00000000d04a4010) 
thrown [s\src\hotspot\share\prims\jni.cpp, line 516]
Event: 4131.277 Thread 0x000002e490baa890 Exception <a 'sun/nio/fs/WindowsException'{0x00000000d04a56b8}> (0x00000000d04a56b8) 
thrown [s\src\hotspot\share\prims\jni.cpp, line 516]
Event: 4135.626 Thread 0x000002e490baa890 Exception <a 'sun/nio/fs/WindowsException'{0x00000000cdaccf48}> (0x00000000cdaccf48) 
thrown [s\src\hotspot\share\prims\jni.cpp, line 516]
Event: 4135.627 Thread 0x000002e490baa890 Exception <a 'sun/nio/fs/WindowsException'{0x00000000cdace5f0}> (0x00000000cdace5f0) 
thrown [s\src\hotspot\share\prims\jni.cpp, line 516]
Event: 8779.742 Thread 0x000002e481e446a0 Exception <a 'sun/nio/fs/WindowsException'{0x00000000d4178e90}> (0x00000000d4178e90) 
thrown [s\src\hotspot\share\prims\jni.cpp, line 516]
Event: 8779.743 Thread 0x000002e481e446a0 Exception <a 'sun/nio/fs/WindowsException'{0x00000000d417a538}> (0x00000000d417a538) 
thrown [s\src\hotspot\share\prims\jni.cpp, line 516]
Event: 8783.767 Thread 0x000002e481e446a0 Exception <a 'sun/nio/fs/WindowsException'{0x00000000d3a8c198}> (0x00000000d3a8c198) 
thrown [s\src\hotspot\share\prims\jni.cpp, line 516]
Event: 8783.767 Thread 0x000002e481e446a0 Exception <a 'sun/nio/fs/WindowsException'{0x00000000d3a8d840}> (0x00000000d3a8d840) 
thrown [s\src\hotspot\share\prims\jni.cpp, line 516]
Event: 8783.847 Thread 0x000002e481e446a0 Exception <a 'sun/nio/fs/WindowsException'{0x00000000d3900b60}> (0x00000000d3900b60) 
thrown [s\src\hotspot\share\prims\jni.cpp, line 516]
Event: 8783.847 Thread 0x000002e481e446a0 Exception <a 'sun/nio/fs/WindowsException'{0x00000000d3900f00}> (0x00000000d3900f00) 
thrown [s\src\hotspot\share\prims\jni.cpp, line 516]
Event: 8783.847 Thread 0x000002e481e446a0 Exception <a 'sun/nio/fs/WindowsException'{0x00000000d3901e88}> (0x00000000d3901e88) 
thrown [s\src\hotspot\share\prims\jni.cpp, line 516]
Event: 8783.847 Thread 0x000002e481e446a0 Exception <a 'sun/nio/fs/WindowsException'{0x00000000d3902248}> (0x00000000d3902248) 
thrown [s\src\hotspot\share\prims\jni.cpp, line 516]
Event: 8783.848 Thread 0x000002e481e446a0 Exception <a 'sun/nio/fs/WindowsException'{0x00000000d390c408}> (0x00000000d390c408) 
thrown [s\src\hotspot\share\prims\jni.cpp, line 516]
Event: 8783.848 Thread 0x000002e481e446a0 Exception <a 'sun/nio/fs/WindowsException'{0x00000000d390c7e8}> (0x00000000d390c7e8) 
thrown [s\src\hotspot\share\prims\jni.cpp, line 516]
Event: 8783.848 Thread 0x000002e481e446a0 Exception <a 'sun/nio/fs/WindowsException'{0x00000000d390d7b8}> (0x00000000d390d7b8) 
thrown [s\src\hotspot\share\prims\jni.cpp, line 516]
Event: 8783.848 Thread 0x000002e481e446a0 Exception <a 'sun/nio/fs/WindowsException'{0x00000000d390dbb8}> (0x00000000d390dbb8) 
thrown [s\src\hotspot\share\prims\jni.cpp, line 516]

VM Operations (20 events):
Event: 8783.796 Executing VM operation: G1TryInitiateConcMark done
Event: 8783.833 Executing VM operation: G1Concurrent
Event: 8783.842 Executing VM operation: G1Concurrent done
Event: 8783.863 Executing VM operation: G1Concurrent
Event: 8783.866 Executing VM operation: G1Concurrent done
Event: 8784.880 Executing VM operation: Cleanup
Event: 8784.880 Executing VM operation: Cleanup done
Event: 8821.218 Executing VM operation: G1CollectFull
Event: 8821.254 Executing VM operation: G1CollectFull done
Event: 8831.411 Executing VM operation: G1CollectFull
Event: 8831.456 Executing VM operation: G1CollectFull done
Event: 8841.657 Executing VM operation: G1CollectFull
Event: 8841.699 Executing VM operation: G1CollectFull done
Event: 8851.853 Executing VM operation: G1CollectFull
Event: 8851.894 Executing VM operation: G1CollectFull done
Event: 8862.051 Executing VM operation: G1CollectFull
Event: 8862.092 Executing VM operation: G1CollectFull done
Event: 8872.247 Executing VM operation: G1CollectFull
Event: 8872.288 Executing VM operation: G1CollectFull done
Event: 8882.418 Executing VM operation: G1CollectFull

Events (20 events):
Event: 4000.335 loading class java/util/stream/ReduceOps$CountingSink done
Event: 4000.335 loading class java/util/stream/ReduceOps$CountingSink$OfInt done
Event: 4002.281 Thread 0x000002e4ffb329c0 Thread exited: 0x000002e4ffb329c0
Event: 4002.282 Thread 0x000002e4ffb31fa0 Thread exited: 0x000002e4ffb31fa0
Event: 4109.139 Thread 0x000002e490bdca90 Thread added: 0x000002e490bdca90
Event: 4114.150 Thread 0x000002e490bdca90 Thread exited: 0x000002e490bdca90
Event: 4195.674 Thread 0x000002e484129060 Thread exited: 0x000002e484129060
Event: 4196.123 Thread 0x000002e490baa890 Thread exited: 0x000002e490baa890
Event: 4224.309 Thread 0x000002e481e459e0 Thread exited: 0x000002e481e459e0
Event: 4256.123 Thread 0x000002e490cbbef0 Thread exited: 0x000002e490cbbef0
Event: 8752.638 Thread 0x000002e4ffb2fa00 Thread added: 0x000002e4ffb2fa00
Event: 8752.640 Thread 0x000002e481e446a0 Thread added: 0x000002e481e446a0
Event: 8783.764 Thread 0x000002e4ffb303a0 Thread added: 0x000002e4ffb303a0
Event: 8783.832 Thread 0x000002e490cdf290 Thread added: 0x000002e490cdf290
Event: 8783.869 Thread 0x000002e490916e90 Thread added: 0x000002e490916e90
Event: 8789.263 Thread 0x000002e490916e90 Thread exited: 0x000002e490916e90
Event: 8843.839 Thread 0x000002e490cdf290 Thread exited: 0x000002e490cdf290
Event: 8843.871 Thread 0x000002e4ffb2fa00 Thread exited: 0x000002e4ffb2fa00
Event: 8844.106 Thread 0x000002e481e446a0 Thread exited: 0x000002e481e446a0
Event: 8849.198 Thread 0x000002e4ffb303a0 Thread exited: 0x000002e4ffb303a0


Dynamic libraries:
0x00007ff768960000 - 0x00007ff76896e000 	c:\Users\eugen\.vscode\extensions\redhat.java-1.16.0-win32-x64\jre\17.0.6-win32-x86_64\bin\java.exe
0x00007ffc0eed0000 - 0x00007ffc0f0e4000 	C:\WINDOWS\SYSTEM32\ntdll.dll
0x00007ffc0e2e0000 - 0x00007ffc0e3a3000 	C:\WINDOWS\System32\KERNEL32.DLL
0x00007ffc0c8d0000 - 0x00007ffc0cc6c000 	C:\WINDOWS\System32\KERNELBASE.dll
0x00007ffc0c780000 - 0x00007ffc0c891000 	C:\WINDOWS\System32\ucrtbase.dll
0x00007ffc053c0000 - 0x00007ffc053d7000 	c:\Users\eugen\.vscode\extensions\redhat.java-1.16.0-win32-x64\jre\17.0.6-win32-x86_64\bin\jli.dll
0x00007ffc04a70000 - 0x00007ffc04a89000 	c:\Users\eugen\.vscode\extensions\redhat.java-1.16.0-win32-x64\jre\17.0.6-win32-x86_64\bin\VCRUNTIME140.dll
0x00007ffc0ece0000 - 0x00007ffc0ee8d000 	C:\WINDOWS\System32\USER32.dll
0x00007ffc0c8a0000 - 0x00007ffc0c8c6000 	C:\WINDOWS\System32\win32u.dll
0x00007ffbee260000 - 0x00007ffbee4ee000 	C:\WINDOWS\WinSxS\amd64_microsoft.windows.common-controls_6595b64144ccf1df_6.0.22621.608_none_a9444ca7c10bb01d\COMCTL32.dll
0x00007ffc0e3b0000 - 0x00007ffc0e3d9000 	C:\WINDOWS\System32\GDI32.dll
0x00007ffc0eb20000 - 0x00007ffc0ebc7000 	C:\WINDOWS\System32\msvcrt.dll
0x00007ffc0c660000 - 0x00007ffc0c773000 	C:\WINDOWS\System32\gdi32full.dll
0x00007ffc0c310000 - 0x00007ffc0c3aa000 	C:\WINDOWS\System32\msvcp_win.dll
0x00007ffc0dea0000 - 0x00007ffc0ded1000 	C:\WINDOWS\System32\IMM32.DLL
0x00007ffc05cb0000 - 0x00007ffc05cbc000 	c:\Users\eugen\.vscode\extensions\redhat.java-1.16.0-win32-x64\jre\17.0.6-win32-x86_64\bin\vcruntime140_1.dll
0x00007ffbe0eb0000 - 0x00007ffbe0f41000 	c:\Users\eugen\.vscode\extensions\redhat.java-1.16.0-win32-x64\jre\17.0.6-win32-x86_64\bin\msvcp140.dll
0x00007ffbae7d0000 - 0x00007ffbaf417000 	c:\Users\eugen\.vscode\extensions\redhat.java-1.16.0-win32-x64\jre\17.0.6-win32-x86_64\bin\server\jvm.dll
0x00007ffc0e930000 - 0x00007ffc0e9de000 	C:\WINDOWS\System32\ADVAPI32.dll
0x00007ffc0dfc0000 - 0x00007ffc0e064000 	C:\WINDOWS\System32\sechost.dll
0x00007ffc0e1c0000 - 0x00007ffc0e2d5000 	C:\WINDOWS\System32\RPCRT4.dll
0x00007ffbf23b0000 - 0x00007ffbf23b9000 	C:\WINDOWS\SYSTEM32\WSOCK32.dll
0x00007ffbfbf90000 - 0x00007ffbfbfc4000 	C:\WINDOWS\SYSTEM32\WINMM.dll
0x00007ffc06860000 - 0x00007ffc0686a000 	C:\WINDOWS\SYSTEM32\VERSION.dll
0x00007ffc0de20000 - 0x00007ffc0de91000 	C:\WINDOWS\System32\WS2_32.dll
0x00007ffc0b410000 - 0x00007ffc0b428000 	C:\WINDOWS\SYSTEM32\kernel.appcore.dll
0x00007ffc05580000 - 0x00007ffc0558a000 	c:\Users\eugen\.vscode\extensions\redhat.java-1.16.0-win32-x64\jre\17.0.6-win32-x86_64\bin\jimage.dll
0x00007ffc09de0000 - 0x00007ffc0a00e000 	C:\WINDOWS\SYSTEM32\DBGHELP.DLL
0x00007ffc0e5a0000 - 0x00007ffc0e929000 	C:\WINDOWS\System32\combase.dll
0x00007ffc0e0d0000 - 0x00007ffc0e1a7000 	C:\WINDOWS\System32\OLEAUT32.dll
0x00007ffc05990000 - 0x00007ffc059c2000 	C:\WINDOWS\SYSTEM32\dbgcore.DLL
0x00007ffc0c5e0000 - 0x00007ffc0c65b000 	C:\WINDOWS\System32\bcryptPrimitives.dll
0x00007ffbfc480000 - 0x00007ffbfc4a5000 	c:\Users\eugen\.vscode\extensions\redhat.java-1.16.0-win32-x64\jre\17.0.6-win32-x86_64\bin\java.dll
0x00007ffbfc460000 - 0x00007ffbfc478000 	c:\Users\eugen\.vscode\extensions\redhat.java-1.16.0-win32-x64\jre\17.0.6-win32-x86_64\bin\zip.dll
0x00007ffc0d560000 - 0x00007ffc0dd50000 	C:\WINDOWS\System32\SHELL32.dll
0x00007ffc0a2e0000 - 0x00007ffc0abae000 	C:\WINDOWS\SYSTEM32\windows.storage.dll
0x00007ffc0a1a0000 - 0x00007ffc0a2de000 	C:\WINDOWS\SYSTEM32\wintypes.dll
0x00007ffc0ebe0000 - 0x00007ffc0ecd1000 	C:\WINDOWS\System32\SHCORE.dll
0x00007ffc0ddb0000 - 0x00007ffc0de0e000 	C:\WINDOWS\System32\shlwapi.dll
0x00007ffc0c240000 - 0x00007ffc0c261000 	C:\WINDOWS\SYSTEM32\profapi.dll
0x00007ffc01270000 - 0x00007ffc01289000 	C:\Users\eugen\.vscode\extensions\redhat.java-1.16.0-win32-x64\jre\17.0.6-win32-x86_64\bin\net.dll
0x00007ffc065a0000 - 0x00007ffc066cf000 	C:\WINDOWS\SYSTEM32\WINHTTP.dll
0x00007ffc0b870000 - 0x00007ffc0b8d9000 	C:\WINDOWS\system32\mswsock.dll
0x00007ffbfc500000 - 0x00007ffbfc515000 	C:\Users\eugen\.vscode\extensions\redhat.java-1.16.0-win32-x64\jre\17.0.6-win32-x86_64\bin\nio.dll
0x00007ffc0ba80000 - 0x00007ffc0ba9b000 	C:\WINDOWS\SYSTEM32\CRYPTSP.dll
0x00007ffc0b380000 - 0x00007ffc0b3b5000 	C:\WINDOWS\system32\rsaenh.dll
0x00007ffc0b920000 - 0x00007ffc0b948000 	C:\WINDOWS\SYSTEM32\USERENV.dll
0x00007ffc0bcc0000 - 0x00007ffc0bce8000 	C:\WINDOWS\SYSTEM32\bcrypt.dll
0x00007ffc0bac0000 - 0x00007ffc0bacc000 	C:\WINDOWS\SYSTEM32\CRYPTBASE.dll
0x00007ffc0ae70000 - 0x00007ffc0ae9d000 	C:\WINDOWS\SYSTEM32\IPHLPAPI.DLL
0x00007ffc0e070000 - 0x00007ffc0e079000 	C:\WINDOWS\System32\NSI.dll
0x00007ffc06d20000 - 0x00007ffc06d39000 	C:\WINDOWS\SYSTEM32\dhcpcsvc6.DLL
0x00007ffc06870000 - 0x00007ffc0688f000 	C:\WINDOWS\SYSTEM32\dhcpcsvc.DLL
0x00007ffc0aee0000 - 0x00007ffc0afd3000 	C:\WINDOWS\SYSTEM32\DNSAPI.dll
0x00007ffc01420000 - 0x00007ffc01429000 	C:\Users\eugen\.vscode\extensions\redhat.java-1.16.0-win32-x64\jre\17.0.6-win32-x86_64\bin\management.dll
0x00007ffc01260000 - 0x00007ffc0126b000 	C:\Users\eugen\.vscode\extensions\redhat.java-1.16.0-win32-x64\jre\17.0.6-win32-x86_64\bin\management_ext.dll
0x00007ffc0ebd0000 - 0x00007ffc0ebd8000 	C:\WINDOWS\System32\PSAPI.DLL
0x00007ffc02050000 - 0x00007ffc0205e000 	C:\Users\eugen\.vscode\extensions\redhat.java-1.16.0-win32-x64\jre\17.0.6-win32-x86_64\bin\sunmscapi.dll
0x00007ffc0c3b0000 - 0x00007ffc0c516000 	C:\WINDOWS\System32\CRYPT32.dll
0x00007ffc0bc90000 - 0x00007ffc0bcbd000 	C:\WINDOWS\SYSTEM32\ncrypt.dll
0x00007ffc0bc50000 - 0x00007ffc0bc87000 	C:\WINDOWS\SYSTEM32\NTASN1.dll
0x00007ffc04fa0000 - 0x00007ffc04faa000 	C:\Windows\System32\rasadhlp.dll
0x00007ffc061d0000 - 0x00007ffc06253000 	C:\WINDOWS\System32\fwpuclnt.dll
0x00007ffc04340000 - 0x00007ffc04350000 	c:\Users\eugen\.vscode\extensions\redhat.java-1.16.0-win32-x64\jre\17.0.6-win32-x86_64\bin\verify.dll
0x000000006c500000 - 0x000000006c5c7000 	C:\Users\eugen\AppData\Local\Temp\snappy-1.1.8-5109bcef-24e1-4062-a111-ccf1ae887ca5-snappyjava.dll

dbghelp: loaded successfully - version: 4.0.5 - missing functions: none
symbol engine: initialized successfully - sym options: 0x614 - pdb path: .;c:\Users\eugen\.vscode\extensions\redhat.java-1.16.0-win32-x64\jre\17.0.6-win32-x86_64\bin;C:\WINDOWS\SYSTEM32;C:\WINDOWS\WinSxS\amd64_microsoft.windows.common-controls_6595b64144ccf1df_6.0.22621.608_none_a9444ca7c10bb01d;c:\Users\eugen\.vscode\extensions\redhat.java-1.16.0-win32-x64\jre\17.0.6-win32-x86_64\bin\server;C:\Users\eugen\AppData\Local\Temp

VM Arguments:
jvm_args: -XX:+HeapDumpOnOutOfMemoryError -Xmx1024m -Dsts.lsp.client=vscode -Dsts.log.file=/dev/null -XX:TieredStopAtLevel=1 -Xlog:jni+resolve=off -Dspring.config.location=file:c:\Users\eugen\.vscode\extensions\vmware.vscode-spring-boot-1.45.0\language-server\BOOT-INF\classes\application.properties 
java_command: org.springframework.ide.vscode.boot.app.BootLanguageServerBootApp
java_class_path (initial): c:\Users\eugen\.vscode\extensions\vmware.vscode-spring-boot-1.45.0\language-server\BOOT-INF\classes;c:\Users\eugen\.vscode\extensions\vmware.vscode-spring-boot-1.45.0\language-server\BOOT-INF\lib\annotations-24.0.1.jar;c:\Users\eugen\.vscode\extensions\vmware.vscode-spring-boot-1.45.0\language-server\BOOT-INF\lib\ant-1.10.13.jar;c:\Users\eugen\.vscode\extensions\vmware.vscode-spring-boot-1.45.0\language-server\BOOT-INF\lib\ant-launcher-1.10.13.jar;c:\Users\eugen\.vscode\extensions\vmware.vscode-spring-boot-1.45.0\language-server\BOOT-INF\lib\antlr-runtime-3.5.3.jar;c:\Users\eugen\.vscode\extensions\vmware.vscode-spring-boot-1.45.0\language-server\BOOT-INF\lib\antlr4-4.11.1.jar;c:\Users\eugen\.vscode\extensions\vmware.vscode-spring-boot-1.45.0\language-server\BOOT-INF\lib\antlr4-runtime-4.11.1.jar;c:\Users\eugen\.vscode\extensions\vmware.vscode-spring-boot-1.45.0\language-server\BOOT-INF\lib\asm-9.4.jar;c:\Users\eugen\.vscode\extensions\vmware.vscode-spring-boot-1.45.0\language-server\BOOT-INF\lib\asm-analysis-9.4.jar;c:\Users\eugen\.vscode\extensions\vmware.vscode-spring-boot-1.45.0\language-server\BOOT-INF\lib\asm-tree-9.4.jar;c:\Users\eugen\.vscode\extensions\vmware.vscode-spring-boot-1.45.0\language-server\BOOT-INF\lib\asm-util-9.4.jar;c:\Users\eugen\.vscode\extensions\vmware.vscode-spring-boot-1.45.0\language-server\BOOT-INF\lib\caffeine-3.1.2.jar;c:\Users\eugen\.vscode\extensions\vmware.vscode-spring-boot-1.45.0\language-server\BOOT-INF\lib\checker-qual-3.12.0.jar;c:\Users\eugen\.vscode\extensions\vmware.vscode-spring-boot-1.45.0\language-server\BOOT-INF\lib\classgraph-4.8.149.jar;c:\Users\eugen\.vscode\extensions\vmware.vscode-spring-boot-1.45.0\language-server\BOOT-INF\lib\commons-codec-1.15.jar;c:\Users\eugen\.vscode\extensions\vmware.vscode-spring-boot-1.45.0\language-server\BOOT-INF\lib\commons-compress-1.22.jar;c:\Users\eugen\.vscode\extensions\vmware.vscode-spring-boot-1.45.0\language-server\BOOT-INF\lib\commons-io-2.4.jar;c:
Launcher Type: SUN_STANDARD

[Global flags]
     intx CICompilerCount                          = 4                                         {product} {ergonomic}
     uint ConcGCThreads                            = 3                                         {product} {ergonomic}
     uint G1ConcRefinementThreads                  = 10                                        {product} {ergonomic}
   size_t G1HeapRegionSize                         = 1048576                                   {product} {ergonomic}
    uintx GCDrainStackTargetSize                   = 64                                        {product} {ergonomic}
     bool HeapDumpOnOutOfMemoryError               = true                                   {manageable} {command line}
   size_t InitialHeapSize                          = 264241152                                 {product} {ergonomic}
   size_t MarkStackSize                            = 4194304                                   {product} {ergonomic}
   size_t MaxHeapSize                              = 1073741824                                {product} {command line}
   size_t MaxNewSize                               = 643825664                                 {product} {ergonomic}
   size_t MinHeapDeltaBytes                        = 1048576                                   {product} {ergonomic}
   size_t MinHeapSize                              = 8388608                                   {product} {ergonomic}
    uintx NonProfiledCodeHeapSize                  = 0                                      {pd product} {ergonomic}
     bool ProfileInterpreter                       = false                                  {pd product} {command line}
    uintx ProfiledCodeHeapSize                     = 0                                      {pd product} {ergonomic}
   size_t SoftMaxHeapSize                          = 1073741824                             {manageable} {ergonomic}
     intx TieredStopAtLevel                        = 1                                         {product} {command line}
     bool UseCompressedClassPointers               = true                           {product lp64_product} {ergonomic}
     bool UseCompressedOops                        = true                           {product lp64_product} {ergonomic}
     bool UseG1GC                                  = true                                      {product} {ergonomic}
     bool UseLargePagesIndividualAllocation        = false                                  {pd product} {ergonomic}

Logging:
Log output configuration:
 #0: stdout all=warning,jni+resolve=off uptime,level,tags
 #1: stderr all=off uptime,level,tags

Environment Variables:
JAVA_HOME=C:\Program Files\OpenJDK\jdk-11.0.18.10-hotspot
PATH=C:\Program Files\OpenJDK\jdk-11.0.18.10-hotspot\bin;C:\Python311\Scripts\;C:\Python311\;C:\Program Files\OpenJDK\jdk-8.0.352.08-hotspot\bin;C:\Windows\system32;C:\Windows;C:\Windows\System32\Wbem;C:\Windows\System32\WindowsPowerShell\v1.0\;C:\Windows\System32\OpenSSH\;C:\Program Files (x86)\NVIDIA Corporation\PhysX\Common;C:\Program Files\NVIDIA Corporation\NVIDIA NvDLISR;C:\WINDOWS\system32;C:\WINDOWS;C:\WINDOWS\System32\Wbem;C:\WINDOWS\System32\WindowsPowerShell\v1.0\;C:\WINDOWS\System32\OpenSSH\;C:\Program Files\Git\cmd;C:\Program Files\nodejs\;C:\ProgramData\chocolatey\bin;;C:\Program Files\Docker\Docker\resources\bin;C:\Users\eugen\AppData\Local\Microsoft\WindowsApps;C:\Users\eugen\AppData\Local\Programs\Microsoft VS Code\bin;C:\Program Files\OpenJDK\jdk-11.0.18.10-hotspot\bin;C:\Program Files\apache-maven-3.8.7-bin\apache-maven-3.8.7\bin;C:\Users\eugen\AppData\Roaming\npm;C:\Program Files\MongoDB\Server\6.0\bin;
USERNAME=eugen
OS=Windows_NT
PROCESSOR_IDENTIFIER=Intel64 Family 6 Model 151 Stepping 5, GenuineIntel
TMP=C:\Users\eugen\AppData\Local\Temp
TEMP=C:\Users\eugen\AppData\Local\Temp



---------------  S Y S T E M  ---------------

OS:
 Windows 11 , 64 bit Build 22621 (10.0.22621.1344)
OS uptime: 7 days 8:19 hours
Hyper-V role detected

CPU: total 12 (initial active 12) (6 cores per cpu, 2 threads per core) family 6 model 151 stepping 5 microcode 0x1e, cx8, cmov, fxsr, ht, mmx, 3dnowpref, sse, sse2, sse3, ssse3, sse4.1, sse4.2, popcnt, lzcnt, tsc, tscinvbit, avx, avx2, aes, erms, clmul, bmi1, bmi2, adx, sha, fma, vzeroupper, clflush, clflushopt, clwb, hv

Memory: 4k page, system-wide physical 16104M (2946M free)
TotalPageFile size 34536M (AvailPageFile size 11049M)
current process WorkingSet (physical memory assigned to process): 538M, peak: 907M
current process commit charge ("private bytes"): 582M, peak: 977M

vm_info: OpenJDK 64-Bit Server VM (17.0.6+10) for windows-amd64 JRE (17.0.6+10), built on Jan 18 2023 10:08:59 by "temurin" with MS VC++ 16.7 (VS2019)

END.
